Processing data...
Initializing network...
Search on 'income', 1 nodes, 0.8 thresh, 25 pop size, 300 search time, 0.15 mutation rate
Searching...
0.7003514355811948
0.5453550825542073
0.7269743385717128
0.3862144420131291
0.460513228565745
0.7229626682580731
0.4377030700881904
0.2784629666467741
0.529142629799085
0.4074995026854983
0.6344738412572111
0.5856707114912805
0.714309395928652
0.2752469995358398
0.5020224123068762
0.6722034347854917
0.6665340494662158
0.7357270738014721
0.29159206949141303
0.4661163052847954
0.29441018500099464
0.3669186393475234
0.40352098667197134
0.6067568463629732
0.4726477024070022
Reproducing... 25
0.7269743385717128
0.7269743385717128
0.2940786419998674
0.43783568728864136
0.7280352761753199
0.41737948411909026
0.7198461640474769
0.5387242225316624
0.6664677408659904
0.40779789138651285
0.44824613752403686
0.6057290630594788
0.4622040978714939
0.6654068032623831
0.5658444400238711
0.34523572707380146
0.5857701743916186
0.463397652675552
0.4377030700881904
0.4377030700881904
0.7362575426032757
0.2855579868708972
0.7479941648431802
0.33591936874212586
Reproducing... 24
0.563689410516544
0.5903786221072873
0.7198461640474769
0.7198461640474769
0.34089251375903457
0.4504343213314767
0.34639612757774685
0.747894701942842
0.7197798554472515
0.7365559313042902
0.34278230886545985
0.464359127378821
0.7482262449439693
0.4644254359790465
0.7269743385717128
0.7269743385717128
0.7479941648431802
0.4710894503017041
0.4228499436376898
0.6144817982892381
0.6342086068563093
0.4959551753862476
0.5292089383993104
0.7420595451230024
Reproducing... 24
0.4655195278827664
0.3458325044758305
0.6884490418407267
0.7370864001060937
0.731881174988396
0.7113918175187322
0.7504807373516345
0.6548637358265367
0.6358000132617201
0.6779059744048803
0.7198461640474769
0.7198461640474769
0.5638551820171076
0.7243219945626947
0.7220343478549168
0.7005172070817585
0.7364896227040647
0.7198793183475897
0.5549698295868974
0.6464093892977919
0.334095882235926
0.7262449439692328
0.6357005503613818
0.7003514355811948
Reproducing... 24
0.6882501160400504
0.7005503613818712
0.6593727206418672
0.7311517803859161
0.7099330283137723
0.6566209137325111
0.7243219945626947
0.7200450898481533
0.6782706717061203
0.731881174988396
0.7196803925469133
0.6886811219415158
0.7276374245739673
0.7220011935548041
0.3397321132550892
0.5880246667992839
0.7198130097473643
0.635932630462171
0.7180226775412771
0.7197798554472515
0.5576553278960281
0.30283137722962666
0.5242026390822889
0.6084477156687222
Reproducing... 24
0.6779059744048803
0.7198461640474769
0.7198130097473643
0.7311849346860287
0.7382799549101519
0.7189509979444334
0.6782706717061203
0.6084477156687222
0.689012664942643
0.7175253630395863
0.7273721901730654
0.7305881572839997
0.735130296399443
0.5425701213447384
0.7200450898481533
0.6879517273390359
0.7311517803859161
0.7196803925469133
0.7318480206882833
0.7242225316623566
0.7446787348319077
0.25227106955772166
0.7380478748093627
0.4671440885882899
Reproducing... 24
0.7544592533651615
0.6836416683243817
0.7106292686161395
0.7369537829056428
0.6879517273390359
0.6879517273390359
0.7318480206882833
0.7305881572839997
0.6382865857701744
0.7192493866454479
0.7189509979444334
0.7311517803859161
0.7347324447980903
0.7211060274517604
0.7089383993103906
0.6937537298587627
0.7300245341820835
0.7322127179895233
0.7226642795570586
0.730919700285127
0.7356276109011338
0.6882501160400504
0.7408328360188317
0.7081758504077978
Reproducing... 24
0.7253497778661893
0.7283999734765599
0.7311517803859161
0.7305218486837742
0.7012134473841257
0.7283668191764472
0.6759167163981168
0.7216033419534513
0.7530999270605397
0.7288972879782508
0.717193820038459
0.7395066640143226
0.7191499237451098
0.7401365957164644
0.7192162323453352
0.7409654532192825
0.67047941117963
0.6762814136993568
0.7260128638684438
0.7396724355148863
0.738147337709701
0.7228963596578476
0.6589085604402891
0.7352960679000067
Reproducing... 24
0.7186526092434189
0.7280684304754327
0.7409654532192825
0.7395066640143226
0.7305881572839997
0.7113255089185068
0.7395066640143226
0.7407996817187189
0.7003845898813076
0.7028048537895365
0.7287315164776872
0.725979709568331
0.7385783436111664
0.7196472382468007
0.7305881572839997
0.738147337709701
0.7383462635103772
0.6707777998806446
0.7532656985611034
0.6729991379881971
0.7426894768251442
0.7024070021881839
0.6589085604402891
0.6589085604402891
Reproducing... 24
0.7192162323453352
0.734765599098203
0.6745573900934951
0.7110934288177176
0.7498508056494927
0.746203832637093
0.6807903985146874
0.7004177441814203
0.7444798090312313
0.7363570055036138
0.7071149128041907
0.728996750878589
0.7383462635103772
0.7395066640143226
0.7396724355148863
0.7409322989191698
0.7384125721106027
0.7325111066905378
0.6592401034414164
0.7135468470260593
0.7202440156488297
0.7376500232080101
0.7187852264438698
0.6745905443936079
Reproducing... 24
0.7395066640143226
0.7181221404416153
0.7088389364100524
0.6751541674955241
0.7478283933426165
0.7261454810688946
0.5708838936410052
0.7202771699489424
0.7202440156488297
0.7135468470260593
0.7376500232080101
0.7325111066905378
0.734765599098203
0.7396724355148863
0.7406339102181553
0.7047609574961873
0.7502155029507327
0.7408328360188317
0.7369537829056428
0.7437835687288641
0.7409322989191698
0.746203832637093
0.7466679928386711
0.7291625223791526
Reproducing... 24
0.7396724355148863
0.7395066640143226
0.7407333731184935
0.7407002188183808
0.6649094887606922
0.7343677474968503
0.7257144751674293
0.7135468470260593
0.7054240434984418
0.7291625223791526
0.7183210662422916
0.7367548571049665
0.5180359392613222
0.7245209203633711
0.7202771699489424
0.7202771699489424
0.743684105828526
0.7407996817187189
0.719481466746237
