Processing data...
Initializing network...
Search on 'income', 1 nodes, 0.8 thresh, 75 pop size, 300 search time, 0.15 mutation rate
Searching...
0.3099595517538625
0.2678535906107022
0.5938929779192361
0.6646111000596777
0.6109674424772893
0.348783237185863
0.6667661295670049
0.631954114448644
0.5387905311318878
0.6846694516278762
0.46843710629268615
0.7132816126251574
0.6682580730720774
0.4719846164047477
0.7286652078774617
0.7058882037000199
0.33170877262780984
0.3531264505006299
0.2531662356607652
0.5393209999336914
0.27034016311915654
0.6686890789735429
0.5812280352761753
0.3149990053709966
0.6846031430276507
0.3046217094357138
0.3633048206352364
0.6252901001259863
0.2669252702075459
0.675651481997215
0.733439427093694
0.4073337311849347
0.36363636363636365
0.35004310059014654
0.5500629931702142
0.7137126185266229
0.3308799151249917
0.5363039586234335
0.3766328492805517
0.7223658908560441
0.689012664942643
0.6332802864531529
0.6704131025794046
0.6265499635302699
0.5831178303826007
0.6405079238777269
0.6162389761952125
0.27760095484384323
0.5973741794310722
0.369372057555865
0.5936940521185597
0.6713082686824481
0.5823884357801207
0.691068231549632
0.49350175717790595
0.3454678071745905
0.666633512366554
0.6770439626019494
0.32544260990650486
0.6980306345733042
0.687089715536105
0.5717459054439361
0.25983024998342286
0.7357602281015848
0.7277037331741927
0.3482527683840594
0.593064120416418
0.7301571513825343
0.7409654532192825
0.5992308202373848
0.6153106557920562
0.29520588820370003
0.5736688548504741
0.3103242490551024
0.6807572442145746
Reproducing... 75
0.36539354154233805
0.5969431735296068
0.5836482991844042
0.37252171606657386
0.6992241893773622
0.7414296134208607
0.6059611431602678
0.7445461176314568
0.3416219083615145
0.6883164246402759
0.4983754392944765
0.587892049598833
0.6593064120416418
0.2576089118758703
0.5231748557787945
0.6212121212121212
0.6207811153106558
0.6930906438565082
0.7023406935879584
0.6063258404615078
0.4936675286784696
0.7321464093892978
0.25986340428353555
0.7273721901730654
0.6486307274053444
0.7358265367018102
0.6816192560175055
0.30929646575160796
0.6666666666666666
0.7326105695908759
0.46021483986473044
0.6425634904847158
0.5883893641005239
0.2562827398713613
0.7100987998143359
0.505536768118825
0.6672965983688084
0.6110669053776274
0.46638153968569723
0.6553942046283403
0.6914329288508719
0.2968304489092235
0.3513361182945428
0.7047278031960745
0.3472912936807904
0.5707181221404416
0.630627942444135
0.7407665274186062
0.7159008023340627
0.5186990252635767
0.7140441615277502
0.6699157880777137
0.6656388833631722
0.3547841655062662
0.3470592135800013
0.6988594920761223
0.5810954180757244
0.6752204760957496
0.6158411245938599
0.6892447450434321
0.43176845036801276
0.7471321530402493
0.5975731052317486
0.5717127511438234
0.6333134407532657
0.2956368941051654
0.5270539088919833
0.7274053444731782
0.38833631722034345
0.7336715071944832
0.6784695975067966
0.6728002121875207
0.6963397652675553
0.7003514355811948
Reproducing... 74
0.6671971354684703
0.7318148663881705
0.7433857171275114
0.5405145547377495
0.7006166699820967
0.3720907101651084
0.6000265234400902
0.3483522312843976
0.7039320999933691
0.5995955175386247
0.5821563556793317
0.7419269279225515
0.7370864001060937
0.2852595981698826
0.2594987069822956
0.6670645182680194
0.6628207678535906
0.7241893773622439
0.7160665738346264
0.6866587096346396
0.7361580797029375
0.7144088588289901
0.6868244811352032
0.7078443074066706
0.6168689078973543
0.3447715668722233
0.7368543200053047
0.6435581194880976
0.3147006166699821
0.665307340362045
0.6992573436774749
0.45845766195875604
0.6305947881440223
0.6870234069358796
0.7230289768582985
0.6953451362641735
0.6179298455009615
0.7367548571049665
0.7154366421324846
0.6029109475498973
0.657482925535442
0.7281015847755454
0.7157681851336118
0.6051985942576752
0.527087063192096
0.7408328360188317
0.6605662754459254
0.6860287779324978
0.6193223261056959
