Processing data...
Initializing network...
Search on 'income', 1 nodes, 0.8 thresh, 100 pop size, 300 search time, 0.15 mutation rate
Searching...
0.7199124726477024
0.4466215768185134
0.7358928453020357
0.5047742192162323
0.33956634175452555
0.6769444997016113
0.5765201246601684
0.24593859823619124
0.7231284397586367
0.355281480007957
0.29998010741993236
0.5494330614680724
0.7091373251110669
0.3355878257409986
0.40282474636960414
0.2905311318878058
0.4831576155427359
0.4983754392944765
0.6015516212452755
0.674690007293946
0.30051057622173594
0.6168357535972415
0.317120880578211
0.2810490020555666
0.34951263178834296
0.30157151382534314
0.6409389297791923
0.5655792056229693
0.33416219083615145
0.28111531065579204
0.6628870764538161
0.301704131025794
0.6891121278429813
0.3156289370731384
0.7203103242490551
0.35912737882103307
0.4159870035143558
0.37968304489092236
0.3041907035342484
0.3793515018897951
0.41426297990849414
0.6413036270804323
0.6716398116835753
0.7111265831178304
0.582952058882037
0.6659372720641867
0.3151316225714475
0.7424905510244679
0.5258271997878124
0.48445063324713217
0.6341754525561966
0.3081029109475499
0.2913268350905112
0.4775876931237982
0.39582918904581926
0.615575890192958
0.2963994430077581
0.6329818977521384
0.6030767190504609
0.27557854253696706
0.3721901730654466
0.38936410052383796
0.5194615741661693
0.5068960944234467
0.4314700616669982
0.2705722432199456
0.283170877262781
0.49134672767057885
0.4847158676480339
0.3277302566142829
0.3304157549234136
0.5333863802135137
0.733074729792454
0.3095617001525098
0.6720045089848153
0.4035541409720841
0.6245275512233937
0.6416683243816723
0.35620980041111333
0.7283668191764472
0.3760029175784099
0.6364299449638618
0.3018035939261322
0.4653537563822028
0.7247198461640475
0.4058086333797494
0.5959816988263378
0.4531861282408328
0.3691731317551886
0.6199522578078377
0.4400901796963066
0.6220409787149394
0.27650686294012333
0.34278230886545985
0.3568397321132551
0.5502950732710032
0.24895563954644917
0.691665008951661
0.30734036204495724
0.6199854121079504
Reproducing... 100
0.5307340362044958
0.6668324381672303
0.3231549631987269
0.6369272594655527
0.6730654465884225
0.7328094953915523
0.29185730389231485
0.345169418473576
0.6714077315827863
0.7247530004641602
0.5972415622306213
0.6504873682116571
0.6673960612691466
0.3751740600755918
0.5349777866189245
0.7288641336781381
0.32133147669252704
0.44363768980836815
0.5102446787348319
0.5289105496982959
0.7359591539022611
0.3569391950135933
0.6271467409322989
0.41240633910218155
0.6892778993435449
0.3422518400636563
0.6338107552549566
0.2987865526158743
0.5999602148398647
0.5649824282209402
0.3964922750480737
0.27375505603076716
0.3622438830316292
0.6958424507658644
0.3816059942974604
0.6934553411577482
0.4223194748358862
0.6334460579537166
0.696240302367217
0.3186128240832836
0.6309594854452623
0.6849678403288907
0.7199124726477024
0.733074729792454
0.6644784828592268
0.7285657449771236
0.5145215834493734
0.2827067170612028
0.7105961143160268
0.5676016179298455
0.39921092765731714
0.6850009946290034
0.7485246336449838
0.4022611232676878
0.6834095882235925
0.3778927126848352
0.445461176314568
0.27816457794575955
0.6629202307539288
0.5767190504608448
0.6787348319076985
0.5954512300245342
0.4598832968636032
0.6859956236323851
0.6060606060606061
0.4837212386446522
0.7274053444731782
0.5995292089383993
0.317120880578211
0.4984085935945892
0.4865725084543465
0.5762880445593793
0.5788740799681719
0.41250580200251974
0.34788807108281944
0.6609309727471653
0.6020157814468536
0.7329089582918905
0.6443869769909157
0.5082222664279558
0.38919832902327434
0.7260460181685564
0.39151913003116506
0.5159803726543333
0.5223791525760891
0.7070486042039652
0.617863536900736
0.5275180690935615
0.6017505470459519
0.5412771036403422
0.4555400835488363
0.37404681387175914
0.43597904648232877
0.4067701080830184
0.2771036403421524
0.37736224388303163
0.7132484583250448
0.6915655460513228
0.33054837212386445
0.33260393873085337
Reproducing... 100
0.32162986539354155
0.5151846694516279
0.32839334261653735
0.7437504144287514
0.7313838604867051
0.5035806644121743
0.5788077713679465
0.5763875074597176
0.67157350308335
0.29159206949141303
0.6797626152111929
0.5298720244015649
0.7280021218752072
0.37480936277435184
0.7334725813938068
0.6553278960281148
0.6608315098468271
0.7441482660301041
0.7333731184934686
0.686260858033287
0.5375306677276043
0.4917777335720443
0.5563291558915191
0.6959750679663153
0.6150454213911545
0.48823022345998274
0.5288110867979577
0.5891187587030038
0.6913997745507592
0.7282010476758836
0.7277368874743054
0.7482262449439693
0.7353292222001193
0.5326238313109211
0.7253497778661893
0.4535508255420728
0.516610304356475
0.7327763410914395
0.6320204230488694
0.5730057688482196
0.27733572044294147
0.6099065048736821
0.7473642331410384
0.5581857966978317
0.6668324381672303
0.6915323917512102
0.7179563689410516
0.6346396127577747
0.6902062197467012
0.38104237119554407
0.41131224719846166
0.703467939791791
0.6742590013924806
0.5987998143359193
0.6346727670578874
0.3969564352496519
0.26374245739672436
0.7278363503746436
0.7375174060075592
0.668423844572641
0.6938531927591008
0.6283071414362443
0.5742987865526159
0.6557257476294676
0.4076321198859492
0.6623897619521252
0.726344406869571
0.6398116835753597
0.5763543531596048
0.6310921026457131
0.5353424839201645
0.3907234268284597
0.5155493667528679
0.6706783369803063
0.5198262714674093
0.5811948809760626
0.6687553875737683
0.729958225581858
0.6860287779324978
0.5730057688482196
0.5999602148398647
0.69408527285989
0.7300908427823088
0.6434918108878721
0.7088720907101651
0.4980107419932365
0.7286652078774617
0.34251707446455804
0.6789337577083748
0.6795305351104038
0.6951793647636099
0.7393077382136463
0.4804721172336052
0.41873881042371197
0.6873217956368941
0.6861613951329487
0.7136794642265102
0.7076785359061071
0.5058020025197268
0.4495060009283204
Reproducing... 100
0.6315231085471785
0.5013593263046217
0.5221139181751874
0.730322922883098
0.6331808235528148
0.5531794973808103
0.7280352761753199
0.556229692991181
0.29228830979378023
0.4884623035607718
0.7471984616404748
0.7088389364100524
0.3753398315761554
0.5885551356010874
0.5795371659704264
0.37431204827266096
0.5702871162389762
0.6599694980438963
0.5518201710761886
0.2912605264902858
0.6364630992639745
0.6528081692195478
0.7337709700948213
0.7207413301505206
0.6199854121079504
0.4641933558782574
0.672170280485379
0.6323519660499967
0.5017240236058617
0.41350043100590145
0.5899476162058219
0.7323453351899741
0.7148067104303428
0.44599164511637157
0.6795305351104038
0.6913997745507592
0.6377561169683708
0.6573834626351037
0.5488694383661561
0.6273456667329753
0.6418672501823487
0.49174457927193155
0.7306213115841125
0.689145282143094
0.44781513162257147
0.692759100855381
0.6250580200251973
0.7334725813938068
0.6355016245607055
0.6245607055235064
0.7395729726145481
0.6458789204959884
0.7442477289304423
0.3631722034347855
0.6640143226576487
0.718387374842517
0.743684105828526
0.5363702672236589
0.7419600822226643
0.7157018765333863
0.6947483588621444
0.5024534182083417
0.6761819507990187
0.7329421125920031
0.5857370200915059
0.6778396658046548
0.6942178900603408
0.4175452556196539
0.6963066109674425
0.7305218486837742
0.5177043962601949
0.562727935813275
0.5821563556793317
0.5035143558119488
0.7314501690869306
0.689145282143094
0.7396724355148863
0.7536967044625688
0.6004243750414429
0.6042371195544062
0.7437504144287514
0.5290763211988595
0.7116238976195213
0.7090710165108415
0.7323784894900869
0.6921954777534646
0.589085604402891
0.6057953716597043
0.530336184603143
0.7489887938465619
0.45762880445593795
0.7384125721106027
0.36429944963861816
0.6055964458590279
0.6601684238445726
0.729958225581858
0.29510642530336184
0.4733439427093694
0.6951462104634971
0.7453086665340495
Reproducing... 100
0.3637026722365891
0.4704926728996751
0.6931901067568463
0.4427425237053246
0.741263841920297
0.35912737882103307
0.6987268748756714
0.47301239970824216
0.6614282872488562
0.2941781049002056
0.6866587096346396
0.7363238512035011
0.4492407665274186
0.4089582918904582
0.419335587825741
0.5593130429016644
0.5798024003713281
0.7326437238909886
0.7305218486837742
0.562495855712486
0.4465221139181752
0.5379616736290697
0.7012466016842385
0.720078244148266
0.7412306876201843
0.6869570983356541
0.7537298587626815
0.6201511836085141
0.7474636960413765
0.4622704064717194
0.6952456733638352
0.7321132550891851
0.5318281281082157
0.6235660765201246
0.7280352761753199
0.7314501690869306
0.7455075923347259
0.7302566142828725
0.6996220409787149
0.6655062661627213
0.7251176977654001
0.7334725813938068
0.5298388701014521
0.584278230886546
0.6849346860287779
0.6994231151780386
0.7354949937006829
0.6082819441681586
0.2825077912605265
0.7436509515284132
0.6327166633512367
0.7455075923347259
0.7260128638684438
0.7077448445063325
0.735130296399443
0.6229692991180956
0.60257940454877
0.7444135004310058
0.6817187189178436
0.6973343942709369
0.589814999005371
0.6997546581791658
0.7556196538691068
0.7132816126251574
0.7473310788409256
0.6333134407532657
0.5889529872024402
0.7335057356939195
0.7413301505205225
0.6367283336648764
0.7426231682249188
0.6607983555467144
0.5710828194416816
0.7186526092434189
0.7530004641602016
0.7024733107884092
0.6924607121543664
0.5629268616139513
0.3782574099860752
0.6202506465088522
0.7272395729726145
0.7215038790531132
0.3630727405344473
0.6366620250646509
0.6127909289834892
0.7267754127710364
0.5626947815131622
0.6987931834758968
0.6109342881771765
0.5325243684105828
0.7277368874743054
0.5632584046150786
0.5919700285126981
0.7396392812147735
0.473277634109144
0.29265300709502023
0.736224388303163
0.7437504144287514
0.6938200384589881
0.6968039254691334
Reproducing... 100
0.6969365426695843
0.7139446986274119
0.5314634308069757
0.733439427093694
0.7321132550891851
0.754989722166965
0.7248524633644984
0.7461043697367549
0.7489556395464492
0.746568529938333
0.7455739009349512
0.6324845832504475
0.6354353159604801
0.7039652542934819
0.5805981035740335
0.5945229096213779
0.7204097871493933
0.7385451893110536
0.667462369869372
0.7210728731516478
0.748856176646111
0.7457065181354021
0.7034016311915655
0.49134672767057885
0.6134540149857437
0.6984616404747696
0.7320469464889596
0.7245540746634839
0.747530004641602
0.7405344473178171
0.7034016311915655
0.5336516146144155
0.6965386910682315
0.7486904051455474
0.7026390822889729
0.6856972349313706
0.7106292686161395
0.7154697964325973
0.30233406272793584
0.4551753862475963
0.649293813407599
0.7157350308334991
0.5844108480869968
0.47175253630395864
0.7473310788409256
0.7473310788409256
0.7241562230621311
0.7114581261189576
0.5480737351634507
0.47606259531861284
0.7293946024799417
0.4686691863934752
0.7202108613487169
0.7356939195013593
0.7049930375969763
0.7315827862873815
0.642066175983025
0.7159008023340627
0.723459982759764
0.7270074928718254
0.37842318148663884
0.7251176977654001
0.7036337112923546
0.6825475764206618
0.7517737550560307
0.734400901796963
0.7419600822226643
0.5547045951859956
0.6232345335189974
0.4731781712088058
0.6080830183674822
0.6726344406869571
0.7409986075193953
0.685166766129567
0.7241562230621311
0.7106624229162523
0.745607055235064
0.700583515681984
0.7195146210463497
0.7293946024799417
0.7414296134208607
0.7468669186393475
0.7355944566010212
0.7443471918307805
0.415124991711425
0.7301903056826471
0.7004177441814203
0.6912008487500829
0.7482262449439693
0.6833764339234799
0.5510576221735959
0.680956170015251
0.6991910350772496
0.725615012267091
0.7270406471719382
0.6854651548305816
0.6377892712684835
0.6138850208872091
0.7416616935216498
0.7358265367018102
Reproducing... 100
0.7262449439692328
0.6201180293084013
0.7264438697699092
0.7302897685829852
0.5306345733041575
0.6703467939791791
0.714674093229892
0.7411975333200717
0.7509117432531
0.656521450832173
0.7154366421324846
0.7250845434652875
0.7485909422452092
0.6616603673496453
0.6557920562296929
0.6447516742921557
0.7009813672833366
0.6911345401498574
0.7393740468138718
0.5066640143226576
0.7455075923347259
0.7196140839466879
0.7494197997480273
0.6626881506531397
0.746203832637093
0.39204959883296864
0.7371527087063192
0.7312180889861415
0.629666467740866
0.6838074398249453
0.7270406471719382
0.7319143292885087
0.616537364896227
0.6614282872488562
0.7142099330283138
0.7265101783701347
0.6819839533187454
0.7458391353358531
0.6973012399708242
0.7216033419534513
0.725615012267091
0.7334062727935813
0.732477952390425
0.7319143292885087
0.6972349313705988
0.7321464093892978
0.6082487898680459
0.7167959684371062
0.743684105828526
0.6969033883694715
0.747530004641602
0.6354353159604801
0.6299648564418805
0.7427557854253697
0.6866587096346396
0.5542072806843048
0.6366288707645381
0.4641602015781447
0.7152377163318082
0.6856972349313706
0.735130296399443
0.6946157416616935
0.7348650619985412
0.6330813606524767
0.6070552350639878
0.7007824414826603
0.7277700417744182
0.5731052317485578
0.726344406869571
0.7417611564219879
0.6865260924341887
0.7094688681121941
0.5484384324646907
0.7390756581128572
0.7082421590080233
0.7091041708109542
0.49134672767057885
0.49134672767057885
0.7024733107884092
0.6464425435979047
0.6828128108215635
0.7360917711027121
0.7473642331410384
0.6853325376301306
0.5805649492739209
0.7256813208673165
0.7087063192096015
0.7479941648431802
0.5623300842119223
0.7306213115841125
0.7415290763211989
0.7441151117299913
0.6504210596114316
0.5825210529805716
0.6501889795106426
0.6368277965652145
0.6052649028579007
0.7389098866122936
0.7162986539354155
0.7357602281015848
Reproducing... 100
0.7414959220210862
0.7150056362310192
0.7331410383926795
0.7501160400503946
0.7330084211922286
0.5258603540879252
0.587527352297593
0.7451097407333731
0.7421921623234533
0.543100590146542
0.7511769776540017
0.7280021218752072
0.7399708242159008
0.5413102579404548
0.692394403554141
0.7419600822226643
0.7260460181685564
0.7391419667130826
0.6202174922087395
0.6052317485577879
0.7012134473841257
0.7456733638352895
0.5260261255884888
0.6865260924341887
0.7397387441151118
0.7416948478217625
0.6957098335654134
0.7472979245408129
0.7290630594788144
0.7040978714939328
0.7073801472050925
0.7147072475300047
0.6158411245938599
0.7506465088521981
0.6833764339234799
0.6685233074729793
0.7487898680458855
0.7439161859293151
0.7187189178436443
0.6001922949406538
0.7323784894900869
0.6450832172932829
0.7031695510907765
0.7083416219083615
0.7215701876533387
0.694682050261919
0.7430210198262714
0.7123201379218884
0.6549631987268749
0.6501558252105298
0.562363238512035
0.689742059545123
0.6666666666666666
0.7426894768251442
0.7347324447980903
0.44363768980836815
0.7126516809230157
0.6970028512698097
0.7443471918307805
0.7398713613155626
0.6629202307539288
0.5507260791724686
0.7261786353690074
0.67047941117963
0.6410715469796433
0.7513095948544526
0.6499568994098535
0.6977654001724024
0.7251176977654001
0.5498972216696506
0.7227637424573967
0.6996220409787149
0.736821165705192
0.7250513891651748
0.7288309793780253
0.7079437703070088
0.7440156488296532
0.7385120350109409
0.7260460181685564
0.7328758039917778
0.6725681320867316
0.7327763410914395
0.7448445063324713
0.6908693057489557
0.7139446986274119
0.7405012930177044
0.6876201843379086
0.6620913732511107
0.5503945361713414
0.6844705258271998
0.6038724222531663
0.6485312645050063
0.7359591539022611
0.7155361050328227
0.7304886943836616
0.7321464093892978
0.7449771235329222
0.7352960679000067
0.7168954313374445
0.7421258537232279
Reproducing... 100
