Processing data...
Initializing network...
Search on 'income', 1 nodes, 0.8 thresh, 50 pop size, 300 search time, 0.15 mutation rate
Searching...
0.725979709568331
0.5574564020953517
0.6477687156024137
0.44055433989788473
0.6084145613686095
0.519395265565944
0.41777733572044295
0.45335189974139645
0.5682647039321
0.4151913003116504
0.6888137391419668
0.571878522644387
0.48700351435581196
0.445461176314568
0.5325243684105828
0.27561169683707976
0.6085140242689476
0.37076453816059946
0.31559578277302563
0.5298057158013394
0.3006100391220741
0.4167827067170612
0.3113188780584842
0.594025595119687
0.35531463430806975
0.38061136529407863
0.5721437570452887
0.5238710960811618
0.40875936608978186
0.7240899144619057
0.4034546780717459
0.3761355347788608
0.271732643723891
0.4708905245010278
0.7311186260858034
0.32915589151913005
0.7006498242822095
0.6021815529474173
0.6520456203169551
0.4656521450832173
0.7238246800610039
0.31911013858497445
0.3341290365360387
0.665539420462834
0.5593130429016644
0.7189509979444334
0.5337842318148663
0.4851137192493866
0.6040713480538425
0.660002652344009
Reproducing... 50
0.7194483124461243
0.571513825343147
0.6740269212916915
0.7218022677541277
0.7163318082355281
0.6102380478748094
0.4693322723957297
0.5351104038193754
0.5308334991048339
0.6879517273390359
0.47175253630395864
0.35206551289702276
0.7032358596910019
0.4869040514554738
0.2842649691665009
0.7051588090975399
0.7228963596578476
0.6092765731715404
0.6083482527683841
0.31543001127246206
0.6304621709435714
0.5823552814800079
0.5356740269212917
0.45587162654996355
0.4802400371328161
0.5194284198660566
0.6985611033751078
0.689377362243883
0.7291625223791526
0.3580995955175386
0.6591074862409655
0.602446787348319
0.6086134871692859
0.5189974139645912
0.5740003978516014
0.3640010609376036
0.45325243684105826
0.30090842782308863
0.5185664080631258
0.2674225847092368
0.6847357602281016
0.5540415091837412
0.6173330680989324
0.6649094887606922
0.6638485511570851
0.7458059810357404
0.560075591804257
0.6977654001724024
0.5757907300576884
0.6470393209999337
Reproducing... 50
0.6022478615476428
0.5306677276042703
0.6845368344274252
0.7290299051787017
0.7218022677541277
0.689377362243883
0.7463032955374312
0.5737020091505868
0.5168755387573768
0.7245209203633711
0.6896094423446721
0.7164312711358664
0.5820237384788807
0.47420595451230024
0.7294940653802798
0.4453285591141171
0.7149393276307937
0.7054240434984418
0.4563357867515417
0.6305947881440223
0.7515748292553545
0.6841389828260726
0.7035674026921291
0.530336184603143
0.7460049068364167
0.6813871759167164
0.6948478217624826
0.6975333200716133
0.6230024534182084
0.7182216033419534
0.6093097274716531
0.36429944963861816
0.7093362509117432
0.5909422452092037
0.3398647304555401
0.7307207744844506
0.625920031828128
0.5130296399443007
0.7107618858165904
0.6947483588621444
0.698163251773755
0.47271401100722765
0.6263510377295936
0.2922220011935548
0.660367349645249
0.6817187189178436
0.7392414296134209
0.32003845898813077
0.7291293680790398
0.5633578675154167
Reproducing... 50
0.7310523174855779
0.7502486572508454
0.5657118228234203
0.6342086068563093
0.7378157947085737
0.6856972349313706
0.5545056693853193
0.5385584510310988
0.7393077382136463
0.6940521185597772
0.6156421987931835
0.719116769444997
0.6336449837543929
0.6576155427358928
0.5658444400238711
0.3732842649691665
0.6919633976526756
0.6367283336648764
0.7113255089185068
0.6553610503282276
0.475200583515682
0.7052582719978782
0.5298388701014521
0.6034745706518135
0.6507194483124461
0.6210795040116703
0.6723028976858298
0.7358265367018102
0.5133280286453153
0.6924607121543664
0.6869570983356541
0.7000862011802931
0.7357602281015848
0.7139115443272992
0.6703136396790663
0.7219680392546913
0.6541674955241695
0.7196472382468007
0.75018234865062
0.6678933757708375
0.6470393209999337
0.72657648697036
0.695875605065977
0.7308865459850142
0.6786022147072476
0.6847357602281016
0.7513095948544526
0.6982295603739805
0.6830117366222399
0.6330813606524767
Reproducing... 50
0.6624229162522379
0.572243219945627
0.7004177441814203
0.5458523970558982
0.7147072475300047
0.697566474371726
0.7261454810688946
0.45898813076055966
0.7108281944168159
0.7239241429613421
0.7020423048869439
0.6446853656919302
0.7409654532192825
0.7507459717525363
0.7148398647304556
0.6299980107419932
0.7383462635103772
0.6369272594655527
0.7496518798488164
0.37971619919103505
0.3885020887209071
0.7131821497248193
0.5714143624428089
0.673363835289437
0.7121875207214375
0.6189907831045687
0.7156687222332736
0.690935614349181
0.7005503613818712
0.6514156886148134
0.6481665672037663
0.6747231615940588
0.7383131092102646
0.6497248193090643
0.6830117366222399
0.6830117366222399
0.7384788807108282
0.7488893309462237
0.7353292222001193
0.7298919169816325
0.7264438697699092
0.640375306677276
0.5868642662953385
0.6904382998474902
0.6470393209999337
0.7310523174855779
0.7354949937006829
0.7311186260858034
0.735130296399443
0.5660765201246601
Reproducing... 50
0.7156024136330482
0.6836416683243817
0.7113586632186194
0.7146409389297792
0.7151714077315828
0.5705855049399907
0.5662754459253365
0.7069822956037398
0.72621178966912
0.7212717989523241
0.7006829785823221
0.7409654532192825
0.7271401100722764
0.6730322922883097
0.6910350772495193
0.6507857569126716
0.6983953318745442
0.724421457463033
0.7506796631523108
0.7345666732975267
0.7388767323121809
0.6454479145945229
0.7382468006100391
0.49867382799549104
0.7142430873284265
0.7122206750215503
0.7077779988064452
0.7301239970824216
0.6741595384921424
0.7140773158278628
0.71623234533519
0.723095285458524
0.6749883959949605
0.7383462635103772
0.5460181685564618
0.7369206286055301
0.7314501690869306
0.6972349313705988
0.7217028048537896
0.7349976791989921
0.6725681320867316
0.6959087593660898
0.6632849280551688
0.7499502685498309
0.7385783436111664
0.6636496253564087
0.7029043166898746
0.7593992440819575
0.6402758437769379
0.7331741926927923
Reproducing... 50
0.7510112061534381
0.7299913798819707
0.7380810291094755
0.7443803461308932
0.6451163715933956
0.735130296399443
0.7119885949207613
0.6746236986937206
0.49751342749154565
0.6657715005636231
0.6156753530932962
0.7279689675750944
0.7327100324912141
0.7307870830846761
0.7006498242822095
0.7097672568132086
0.73837941781049
0.7033353225913401
0.7333068098932432
0.7160002652344009
0.7069822956037398
0.6725681320867316
0.6409389297791923
0.6844373715270871
0.691068231549632
0.6741263841920297
0.7282010476758836
0.7487898680458855
0.7310854717856906
0.6328161262515748
0.5582521052980571
0.6785359061070221
0.7375505603076719
0.7148398647304556
0.6565877594323983
0.7238909886612294
0.6735627610901134
0.7172601286386845
0.734168821696174
0.7061202838008089
0.6526423977189841
0.7285988992772363
0.7310854717856906
0.6783701346064585
0.5076917976261521
0.7266759498706983
0.5600092832040315
0.5544062064849811
0.4105828525959817
0.7365559313042902
Reproducing... 50
0.7148398647304556
0.7173595915390226
0.6817187189178436
0.6949472846628207
0.5793713944698627
0.6011206153438101
0.6288044559379351
0.4936675286784696
0.6994231151780386
0.7399376699157881
0.6759830249983423
0.6939195013593263
0.7443140375306677
0.6241628539221536
0.621245275512234
0.7431204827266097
0.73837941781049
0.73837941781049
0.7178900603408263
0.6800278496120947
0.71623234533519
0.6882501160400504
0.7235925999602149
0.6583449373383727
0.7427226311252569
0.6814866388170546
0.51143823353889
0.6754857104966514
0.6530402493203369
0.740899144619057
0.6455473774948611
0.7402692129169153
0.6688880047742192
0.693952655659439
0.6842384457264107
0.7283668191764472
0.7140110072276374
0.6947815131622571
0.6396127577746834
0.7234931370598766
0.6746236986937206
0.7238909886612294
0.7291956766792653
0.6467740865990319
0.7333731184934686
0.6443869769909157
0.7318148663881705
0.5612691466083151
0.40919037199124725
0.6759498706982295
Reproducing... 50
0.7172932829387971
0.7318480206882833
0.7235262913599894
0.7140441615277502
0.5609376036071878
0.6830780452224654
0.6760493335985678
0.740899144619057
0.71623234533519
0.7178900603408263
0.6286718387374842
0.7472647702407003
0.6759498706982295
0.7446787348319077
0.6963397652675553
0.6855646177309197
0.7177574431403753
0.6433260393873085
0.7318148663881705
0.7318148663881705
0.48604203965254295
0.7555533452688814
0.6226709104170811
0.7032690139911146
0.7215038790531132
0.705390889198329
0.691665008951661
0.6538691068231549
0.7123532922220012
0.7201445527484914
0.6763477222995823
0.4933359856773423
0.32733240501293015
0.6411378555798687
0.6688880047742192
0.7427226311252569
0.7331078840925668
0.6019163185465155
0.6908361514488429
0.7179232146409389
0.7240236058616802
0.6289702274384987
0.6752204760957496
0.7444466547311186
0.6882501160400504
0.6882501160400504
0.7365559313042902
0.621245275512234
0.7137789271268483
0.7293282938797162
Reproducing... 50
0.6773091970028513
0.7535972415622306
0.7333068098932432
0.6144486439891254
0.6522777004177441
0.7499171142497182
0.6291359989390624
0.6651747231615941
0.7183542205424044
0.7043631058948345
0.6199522578078377
0.7423247795239043
0.7195146210463497
0.6562562164312712
0.688183807439825
0.6025130959485445
0.68155294741728
0.7178237517406008
0.68155294741728
0.6219083615144885
0.7140773158278628
0.7318148663881705
0.6734632981897752
0.6913997745507592
0.7319143292885087
0.6282739871361316
0.7318480206882833
0.7311517803859161
0.7461043697367549
0.6912671573503083
0.32759763941383196
0.6761819507990187
0.6059279888601552
0.5709833565413435
0.7188515350440953
0.6999204296797295
0.675419401896426
0.6875538757376832
0.7245209203633711
0.6978980173728533
0.7240899144619057
0.7172601286386845
0.45842450765864334
0.6747563158941715
0.7477952390425038
0.6027120217492209
0.7366885485047411
0.7359591539022611
0.6832769710231417
0.7469663815396856
Reproducing... 50
0.6756846362973278
0.687454412837345
0.675651481997215
0.6278761355347788
0.6890789735428685
0.7496850341489291
0.6033087991512499
0.7179895232411644
0.7182547576420661
0.722133810755255
0.6782706717061203
0.7346661361978649
0.6955109077647371
0.739340892513759
0.7178237517406008
0.6219083615144885
0.6718718917843645
0.6621245275512234
0.7188515350440953
0.6747563158941715
0.7491214110470128
0.7406007559180425
0.7237252171606657
0.7321132550891851
0.6560241363304821
0.6912008487500829
0.6800941582123201
0.7456733638352895
0.67157350308335
0.7464690670379949
0.6105032822757112
0.6719382003845898
0.6326503547510112
0.6205821895099795
0.450633247132153
0.687089715536105
0.68155294741728
0.6778728201047676
0.7036337112923546
0.734765599098203
0.7172601286386845
0.6773091970028513
0.6310257940454878
0.6708109541807572
0.6882501160400504
0.6729659836880844
0.6115642198793183
0.6553942046283403
0.6111663682779657
0.6574497712353292
Reproducing... 50
0.7049267289967509
0.7176579802400371
0.7203766328492806
0.6008222266427956
0.6785690604071348
0.619189708905245
0.6393143690736689
0.7352297592997812
0.6566872223327366
0.586201180293084
0.6883495789403886
0.7348319076984284
0.7282673562761091
0.7296598368808435
0.6116968370797693
0.7346661361978649
0.732245872289636
0.7348650619985412
0.7235262913599894
0.70442941449506
0.6470724753000464
0.7254492407665274
0.6212121212121212
0.6866587096346396
0.6871228698362177
0.7180226775412771
0.7082421590080233
0.7003182812810822
0.4522246535375638
0.7496518798488164
0.7134142298256084
0.7245540746634839
0.7324447980903123
0.6743584642928188
0.7159008023340627
0.6478018699025263
0.6695842450765864
0.6725018234865062
0.655062661627213
0.746568529938333
0.7096677939128705
0.7510112061534381
0.6106027451760493
0.6713414229825608
0.731516477687156
0.7461706783369803
0.49651879848816394
0.6301969365426696
0.6280750613354552
0.5048073735163451
Reproducing... 50
0.7100324912141105
0.734036204495723
0.7139778529275247
0.6753199389960878
0.6475034812015118
0.615343810092169
0.6596048007426564
0.7183210662422916
0.7042636429944964
0.6888137391419668
0.6847026059279888
0.7266427955705855
0.7133479212253829
0.6473045554008355
0.7345335189974139
0.5939592865194616
0.6965718453683443
0.6059611431602678
0.7461375240368676
0.5046416020157815
0.7236257542603276
0.7313838604867051
0.7067502155029507
0.49907167959684373
0.7253497778661893
0.6564551422319475
0.7510775147536636
0.7464027584377694
0.74945295404814
0.7320801007890724
0.6678933757708375
0.7231947483588621
0.7350308334991048
0.7189841522445461
0.7190504608447715
0.7176579802400371
0.7241562230621311
0.7249187719647239
0.716464425435979
0.6444532855911411
0.7242888402625821
0.6090113387706385
0.6728665207877462
0.6723028976858298
0.6268815065313971
0.717790597440488
0.7055566606988927
0.6901730654465884
0.688780584841854
0.7159008023340627
Reproducing... 50
0.7358265367018102
0.7331741926927923
0.717790597440488
0.529142629799085
0.7331741926927923
0.66938531927591
0.49913798819706917
0.6266162721304953
0.739340892513759
0.6926264836549301
0.6462104634971155
0.7141104701279756
0.6946488959618062
0.7352629135998939
0.720442941449506
0.7248193090643856
0.7165307340362045
0.6475697898017373
0.7232942112592003
0.7511106690537763
0.6417346329818977
0.7065844440023871
0.7222995822558186
0.6828459651216763
0.7133810755254957
0.7234931370598766
0.7249850805649493
0.7033684768914529
0.7336051985942577
0.49963530269876005
0.6788674491081493
0.6812877130163782
0.7327100324912141
0.6684901531728665
0.6713414229825608
0.751143823353889
0.746568529938333
0.7224653537563822
0.7325774152907633
0.5468801803593926
0.6478681785027518
0.7260460181685564
0.7464027584377694
0.7464027584377694
0.6059942974603806
0.6471387839002719
0.5579868708971554
0.7527683840594125
0.4838207015449904
0.674690007293946
Reproducing... 50
