Processing data...
Initializing network...
Search on 'income', 1 nodes, 0.8 thresh, 50 pop size, 300 search time, 0.15 mutation rate
Searching...
0.3467608248789868
0.7282342019759963
0.43896293349247395
0.42759100855380944
0.4902857900669717
0.6061269146608315
0.6690869305748955
0.5030170413102579
0.44808036602347323
0.5590809628008753
0.4241098070419733
0.7331078840925668
0.5756912671573503
0.48892646376235
0.6879185730389231
0.4384987732908958
0.3758371460778463
0.26563225250314965
0.6243286254227173
0.37361580797029376
0.7041973343942709
0.38860155162124527
0.5960480074265633
0.3427160002652344
0.36313904913467276
0.35435315960480074
0.33691399774550757
0.42921556925933296
0.42347987533983156
0.6789006034082621
0.7228632053577349
0.3196074530866653
0.43160267886744913
0.6555599761289039
0.26815197931171675
0.6238976195212519
0.44509647901332805
0.2267422584709237
0.6602015781446854
0.7310523174855779
0.4724156223062131
0.3626085803328692
0.2756448511371925
0.32567469000729393
0.3816059942974604
0.5953186128240833
0.7185531463430807
0.3224587228963597
0.3537563822027717
0.6866255553345268
Reproducing... 50
0.43959286519461577
0.4283535574564021
0.5960480074265633
0.5960480074265633
0.667827067170612
0.47390756581128574
0.718387374842517
0.5804986406736954
0.4266295338505404
0.3179497380810291
0.7023738478880711
0.46548637358265366
0.5490683641668325
0.7469000729394603
0.5960811617266759
0.7310191631854651
0.6084145613686095
0.31867913268350906
0.5633910218155295
0.3502751806909356
0.4837543929447649
0.6933227239572972
0.38634705921358
0.42643060804986405
0.48624096545321926
0.7379815662091374
0.4466215768185134
0.46528744778197734
0.40053709966182616
0.6994562694781513
0.733439427093694
0.5592467343014389
0.6126251574829256
0.5586168025992971
0.7284994363768981
0.5751607983555467
0.5758570386579139
0.6056959087593661
0.3002453418208342
0.4325309992706054
0.6366620250646509
0.6798620781115311
0.6882169617399376
0.3255089185067303
0.5307671905046084
0.724421457463033
0.7487898680458855
0.5849744711889132
0.5619653869106823
0.3524302101982627
Reproducing... 50
0.6798620781115311
0.6795968437106292
0.5336184603143027
0.5544062064849811
0.7242888402625821
0.6682249187719648
0.2911610635899476
0.7294940653802798
0.7444798090312313
0.6043034281546317
0.6803262383131092
0.40899144619057093
0.43727206418672504
0.7084742391088125
0.6180293084012997
0.7465022213381075
0.5324580598103574
0.5545719779855447
0.724421457463033
0.6366620250646509
0.5955175386247596
0.5853391684901532
0.5626616272130496
0.4802400371328161
0.5830846760824879
0.3719249386645448
0.7003514355811948
0.6369935680657781
0.7510112061534381
0.4240103441416352
0.6992241893773622
0.4399575624958557
0.4224189377362244
0.5872952721968039
0.6428950334858431
0.6412373184802069
0.6734301438896625
0.429812346661362
0.43408925137590343
0.5578210993965917
0.7366553942046283
0.6530402493203369
0.5580200251972681
0.7407333731184935
0.7228300510576222
0.5107419932365228
0.5584510310987335
0.4651548305815264
0.6106027451760493
0.621245275512234
Reproducing... 50
0.5523506398779922
0.7244877660632584
0.6798289238114184
0.4241098070419733
0.35511570850739343
0.7232942112592003
0.6684569988727538
0.587162654996353
0.7274384987732909
0.7605264902857901
0.5146210463497115
0.6393143690736689
0.38478880710828195
0.4730787083084676
0.7312180889861415
0.6913997745507592
0.5759896558583648
0.7063192096014853
0.6142828724885617
0.6884821961408395
0.6309594854452623
0.7006498242822095
0.7185531463430807
0.6879185730389231
0.43176845036801276
0.5613686095086533
0.4222863205357735
0.4377030700881904
0.5740998607519395
0.7255487036668656
0.5253298852861216
0.5946555268218288
0.697798554472515
0.6244943969232809
0.6416683243816723
0.5849744711889132
0.49996684569988725
0.5775479079636628
0.29096213778927127
0.4382998474902195
0.6986937205755587
0.5549366752867847
0.7217359591539022
0.739340892513759
0.638087659969498
0.6204164180094158
0.5556992241893773
0.6789337577083748
0.6777402029043167
0.7257476294675419
Reproducing... 50
0.55646177309197
0.7030700881904383
0.617266759498707
0.7172932829387971
0.7563822027716995
0.6245938598236191
0.6887142762416285
0.6794310722100656
0.49237451097407336
0.5884225184006365
0.6854983091306942
0.7228963596578476
0.6210131954114448
0.42308202373847886
0.6919302433525628
0.5543398978847557
0.7070486042039652
0.6851336118294543
0.718155294741728
0.7403686758172535
0.7202771699489424
0.49532524368410585
