Processing data...
Initializing network...
Search on 'income', 1 nodes, 0.8 thresh, 100 pop size, 300 search time, 0.15 mutation rate
Searching...
0.39006034082620517
0.276307937139447
0.3743452025727737
0.3487169285856376
0.6331145149525893
0.48849545786088455
0.6547642729261985
0.4634639612757775
0.6067568463629732
0.6516477687156024
0.28744778197732246
0.623400305019561
0.2964989059080963
0.41505868311119953
0.38979510642530335
0.6624229162522379
0.7311186260858034
0.6673297526689211
0.47791923612492543
0.259697632782972
0.6019494728466283
0.6263178834294808
0.32514422120549036
0.5937603607187852
0.7081095418075725
0.7043962601949473
0.32557522710695574
0.4728797825077913
0.5902460049068364
0.5182017107618858
0.6525097805185333
0.35170081559578276
0.4814999005370997
0.47785292752469993
0.2791592069491413
0.25445925336516145
0.6246270141237319
0.4309064385650819
0.6860619322326106
0.3788541873881042
0.3072740534447318
0.490849413168888
0.6644121742590013
0.6351700815595783
0.26768781911013856
0.29547112260460184
0.6173662223990452
0.3749419799748027
0.4355811948809761
0.43190106756846364
0.36429944963861816
0.29898547841655065
0.4753995093163583
0.29656521450832174
0.7017439161859294
0.6810887872157019
0.5840129964856442
0.7479941648431802
0.6112658311783038
0.5245341820834162
0.3078708308467608
0.6918639347523374
0.34158875406140177
0.2632782971951462
0.2964325973078708
0.5356077183210662
0.2669252702075459
0.5271533717923215
0.45646840395199256
0.4939327630793714
0.37898680458855516
0.6307274053444731
0.5840129964856442
0.6068563092633115
0.3074398249452954
0.6348053842583383
0.22647702407002188
0.5076917976261521
0.3500762548902593
0.548769975465818
0.4704263642994496
0.5107088389364101
0.7090378622107287
0.39798421855314636
0.2752801538359525
0.5279159206949141
0.5629268616139513
0.7023406935879584
0.5371328161262515
0.4969498043896293
0.7474968503414893
0.5840793050858696
0.6585107088389364
0.7300908427823088
0.7514422120549035
0.4127378821033088
0.2571779059744049
0.67157350308335
0.4377030700881904
0.30588157283999734
Reproducing... 100
0.4365758238843578
0.7176911345401499
0.614979112790929
0.709734102513096
0.6861945494330615
0.6838737484251708
0.6621576818513362
0.2770041774418142
0.6038724222531663
0.3374776208474239
0.3067767389430409
0.4888270008620118
0.5180690935614349
0.3499767919899211
0.6757509448975532
0.70406471719382
0.7312180889861415
0.6513493800145879
0.5251972680856707
0.5426695842450766
0.5359061070220807
0.338306478350242
0.6839732113255089
0.6793647636098402
0.3471586764803395
0.43856508189112126
0.5889198329023274
0.4337245540746635
0.7187852264438698
0.7496850341489291
0.23032292288309794
0.46959750679663154
0.2990517870167761
0.6951793647636099
0.33737815794708576
0.7448113520323586
0.7154366421324846
0.5804654863735826
0.40633910218155295
0.7080100789072342
0.6337444466547311
0.5723095285458524
0.6426297990849413
0.49051787016776077
0.2631125256945826
0.5481068894635635
0.6260194947284663
0.6624892248524633
0.4354817319806379
0.47301239970824216
0.6262847291293681
0.44237782640408463
0.4391618592931503
0.30909753995093164
0.4753995093163583
0.4753995093163583
0.7290630594788144
0.5784099197665937
0.38087659969498044
0.6832106624229163
0.6257874146276772
0.7296929911809562
0.3677806511504542
0.5060009283204031
0.5386579139314369
0.6907366885485048
0.6593395663417545
0.5063324713215304
0.2916252237915258
0.3297195146210464
0.4357801206816524
0.5629268616139513
0.62472647702407
0.32046946488959616
0.6883164246402759
0.3818049200981367
0.725382932166302
0.499038525296731
0.5637225648166567
0.38949671772428884
0.5571580133943372
0.34884954578608846
0.7348650619985412
0.7466679928386711
0.417644718519992
0.7264770240700219
0.32660301041045026
0.6317551886479676
0.6623897619521252
0.6916318546515483
0.5243352562827399
0.5693919501359326
0.6481002586035409
0.6219415158146011
0.7068828327034016
0.3154963198726875
0.29636628870764536
0.29324978449704925
0.7235594456601021
0.5314634308069757
Reproducing... 100
0.519262648365493
0.38873416882169615
0.6907698428486174
0.43720575558649954
0.6827796565214508
0.6258537232279027
0.36187918573038924
0.6589085604402891
0.5259598169882633
0.7226311252569458
0.6618261388502089
0.7435183343279623
0.6694516278761355
0.539122074133015
0.4917777335720443
0.3861149791127909
0.6472714011007228
0.6917313175518864
0.7022080763875075
0.5500298388701015
0.6402758437769379
0.7335057356939195
0.32799549101518466
0.5691267157350308
0.6298653935415424
0.7251508520655129
0.7093030966116305
0.6843047543266362
0.5326238313109211
0.5351767124196009
0.5785093826669319
0.731516477687156
0.6990584178767986
0.6846694516278762
0.7448445063324713
0.6517803859160534
0.48919169816325175
0.744048803129766
0.44393607850938266
0.7049267289967509
0.7261786353690074
0.6042702738545189
0.6997546581791658
0.48123466613619786
0.7443140375306677
0.6875207214375705
0.39049134672767055
0.43044227836350374
0.3316424640275844
0.5767522047609575
0.49360122007824414
0.672402360586168
