Processing data...
Initializing network...
Search on 'income', 1 nodes, 0.8 thresh, 25 pop size, 300 search time, 0.15 mutation rate
Searching...
0.5072939460247994
0.4705258271997878
0.5808301836748226
0.2565479742722631
0.5589151913003116
0.2838671175651482
0.6345733041575492
0.42895033485843115
0.42222001193554803
0.6308931768450368
0.5218486837742855
0.32096677939128704
0.5710496651415689
0.6458789204959884
0.2520721437570453
0.6657715005636231
0.75018234865062
0.7213712618526623
0.44367084410848084
0.38127445129633314
0.4270273854518931
0.5973741794310722
0.2387772694118427
0.5729394602479941
0.5436310589483456
Reproducing... 25
0.4671772428884026
0.6732975266892116
0.44118427160002655
0.6335786751541675
0.6458126118957629
0.43014388966248923
0.38187122869836215
0.5063987799217559
0.5834825276838406
0.3921490617333068
0.5770505934619721
0.56790000663086
0.7192825409455607
0.6043034281546317
0.3170877262780983
0.6213778927126848
0.49830913069425103
0.7127179895232412
0.6418672501823487
0.6048007426563226
0.5287116238976195
0.6025462502486573
0.2830051057622174
0.2388767323121809
Reproducing... 24
0.7292619852794907
0.5938598236191234
0.5376632849280552
0.5968768649293813
0.6062926861613951
0.603176181950799
0.5774484450633247
0.283170877262781
0.5230753928784564
0.5973410251309594
0.46293349247397386
0.7134805384258338
0.6952456733638352
0.4527882766394801
0.7312180889861415
0.30840129964856444
0.43568065778131426
0.6659372720641867
0.49091572176911347
0.5768516676612957
0.6213778927126848
0.5834825276838406
0.5325243684105828
0.3808434453948677
Reproducing... 24
0.4493733837278695
0.5956170015250978
0.7006166699820967
0.5985345799350176
0.5768516676612957
0.5768516676612957
0.6952456733638352
0.6952456733638352
0.2835687288641337
0.5976725681320867
0.33913533585306016
0.7121875207214375
0.6705125654797427
0.598733505735694
0.7268085670711492
0.4406206484981102
0.7306544658842252
0.6035077249519263
0.43800145878920493
0.6193554804058087
0.6658046548637359
0.7052914262979908
0.6015516212452755
0.4291161063589948
Reproducing... 24
0.6993236522777004
0.6143160267886745
0.44032225979709566
0.5999602148398647
0.6756846362973278
0.2775346462436178
0.5938929779192361
0.5942576752204761
0.7117896691200849
0.5918042570121345
0.5782441482660301
0.5965121676281414
0.41545653471255223
0.2747165307340362
0.7367548571049665
0.5310987335057357
0.7121875207214375
0.682879119421789
0.6955772163649625
0.5764206617598302
0.5768516676612957
0.5768848219614084
0.5999602148398647
0.6020489357469664
Reproducing... 24
0.698892646376235
0.736821165705192
0.30684304754326636
0.7589350838803793
0.674457927193157
0.6017505470459519
0.7399376699157881
0.7030369338903256
0.4775545388236854
0.3802798222929514
0.744645580531795
0.30883230555002983
0.4846164047476958
0.6775744314037531
0.5308666534049467
0.7367548571049665
0.37431204827266096
0.7228300510576222
0.5764206617598302
0.5768848219614084
0.7365890856044028
0.5772495192626483
0.7141104701279756
0.5979709568331013
Reproducing... 24
0.5775147536635502
0.7367217028048538
0.5772495192626483
0.6775744314037531
0.7469663815396856
0.6865260924341887
0.7170280485378954
0.5738677806511504
0.5310987335057357
0.744645580531795
0.6082819441681586
0.4587560506597706
0.7370200915058683
0.7589019295802666
0.6677276042702739
0.7225316623566077
0.7226311252569458
0.6785027518069093
0.48604203965254295
0.6000265234400902
0.7398382070154499
0.5313308136065248
0.5772495192626483
0.5764206617598302
Reproducing... 24
0.7169948942377826
0.685896160732047
0.5419733439427094
0.5072939460247994
0.6670976725681321
0.6872886413367814
0.5346462436177972
0.7398713613155626
0.5842450765864332
0.5153172866520788
0.5775147536635502
0.5772495192626483
0.674457927193157
0.7402692129169153
0.5772495192626483
0.7225316623566077
0.6082819441681586
0.7370200915058683
0.75018234865062
0.7232279026589749
0.7323453351899741
0.6745905443936079
0.5333863802135137
0.6768781911013858
Reproducing... 24
0.49605463828658575
0.7227968967575095
0.545620316955109
0.5736688548504741
0.31407068496784035
0.7369206286055301
0.6191234003050196
0.6464425435979047
0.5862343345931967
0.7167959684371062
0.6881174988395995
0.6872886413367814
0.5775147536635502
0.7169617399376699
0.6085140242689476
0.6873881042371196
0.7213381075525496
0.7284331277766727
0.75018234865062
0.7323453351899741
0.7232279026589749
0.6872886413367814
0.5109077647370864
0.7141436244280883
Reproducing... 24
0.7373847888071082
0.7497844970492673
0.6204495723095286
0.7494861083482528
0.6998541210795041
0.6754525561965387
0.7142762416285392
0.723095285458524
0.6628207678535906
0.7287315164776872
0.5973741794310722
0.38684437371527086
0.5785425369670446
0.581029109475499
0.7121212121212122
0.6180293084012997
0.6976990915721769
0.6881174988395995
0.7169617399376699
0.5775147536635502
0.5860022544924076
0.7501160400503946
0.7369206286055301
0.5109077647370864
Reproducing... 24
0.5971752536303958
0.7368543200053047
0.7491877196472383
0.687089715536105
0.723095285458524
0.723095285458524
0.7066507526026126
0.7492208739473509
0.5113719249386646
0.74981765134938
0.580896492275048
0.6205490352098667
0.744280883230555
0.5069624030236721
0.5841124593859823
0.7144420131291028
0.5809628008752735
0.6205821895099795
0.6271135866321862
0.6080167097672569
0.7309860088853525
0.6959750679663153
0.6514156886148134
0.6064916119620715
Reproducing... 24
0.6106690537762748
0.4635634241761156
0.7491545653471255
0.7144420131291028
0.6205821895099795
0.6205490352098667
0.5069624030236721
0.6959750679663153
0.7410980704197334
0.6093760360718785
0.5787083084676082
0.6298322392414296
0.7491877196472383
0.5066308600225449
0.74981765134938
0.5972084079305086
0.7224653537563822
0.7177574431403753
0.585969100192295
0.7133479212253829
0.7492871825475764
0.620515880909754
0.7357933824016974
0.6760493335985678
Reproducing... 24
0.5069624030236721
0.46290033817386117
0.7469663815396856
0.7454744380346131
0.7491877196472383
0.5964790133280287
0.5735693919501359
0.5765532789602812
0.7357933824016974
0.6298322392414296
0.7129500696240303
0.7492540282474637
0.6106690537762748
0.6204827266096413
0.619189708905245
0.581029109475499
0.7488230223459983
0.6173993766991579
0.7120217492208739
0.7251176977654001
0.7144420131291028
0.6093760360718785
0.74981765134938
0.74981765134938
Reproducing... 24
0.7491877196472383
0.6796631523108547
0.7118228234201976
0.6197201777070486
0.46101054306743583
0.7247861547642729
0.5548703666865592
0.6232013792188847
0.5731715403487833
0.5769842848617466
0.71623234533519
0.6618592931503215
0.6918639347523374
0.63689410516544
0.6867581725349778
0.6899078310456866
0.6150454213911545
0.4801074199323652
0.7488230223459983
0.7454744380346131
0.5995623632385121
0.5785756912671574
0.7140441615277502
0.4637955042769047
Reproducing... 24
0.6618592931503215
0.7118228234201976
0.617498839599496
0.7069822956037398
0.6604336582454744
0.5810622637756117
0.6876201843379086
0.5128970227438499
0.7488230223459983
0.5824215900802334
0.6558583648299184
0.7203434785491678
0.6685896160732047
0.7532325442609906
0.6398448378754724
0.7173595915390226
0.7454412837345004
0.5731715403487833
0.6902062197467012
0.6919633976526756
0.5684304754326636
0.7070486042039652
0.6803262383131092
0.7489887938465619
Reproducing... 24
0.7219348849545786
0.6622571447516743
0.7301903056826471
0.6572508454346528
0.6625223791525761
0.7529673098600889
0.6299317021417677
0.6608315098468271
0.6557257476294676
0.5687288641336782
0.7070486042039652
0.6616935216497579
0.7453418208341622
0.512764405543399
0.6902062197467012
0.7173927458391354
0.6958424507658644
0.747894701942842
0.6963066109674425
0.7416948478217625
0.5713148995424706
0.6723028976858298
0.6618592931503215
0.6686890789735429
Reproducing... 24
0.7453418208341622
0.7453418208341622
0.6343743783568729
0.6832106624229163
0.7272727272727273
0.6466083150984683
0.512764405543399
0.6249917114249718
0.5206882832703401
0.5822558185796698
0.7453418208341622
0.6723028976858298
0.7343345931967377
0.6853988462303561
0.6609972813473908
0.7454081294343876
0.512764405543399
0.6622571447516743
0.5713148995424706
0.5713148995424706
0.6957429878655261
0.512764405543399
0.7529673098600889
0.7529673098600889
Reproducing... 24
0.7409986075193953
0.7168622770373317
0.692759100855381
0.6482991844042172
0.7039984085935946
0.7386446522113919
0.7453086665340495
0.573204694648896
0.6948146674623699
0.647835024202639
0.7453418208341622
0.6723028976858298
0.5120350109409191
0.6832106624229163
0.7453086665340495
0.7454412837345004
0.6731980637888734
0.594025595119687
0.6957761421656389
0.549002055566607
0.7454081294343876
0.6957429878655261
0.5713148995424706
0.512764405543399
Reproducing... 24
0.630031165042106
0.7451428950334859
0.6944831244612426
0.5693587958358199
0.647835024202639
0.647835024202639
0.5706518135402162
0.6737948411909025
0.7387772694118427
0.6954114448643989
0.7239904515615675
0.6626549963530269
0.7453086665340495
0.7453418208341622
0.7453086665340495
0.7039984085935946
0.741031761819508
0.5121013195411445
0.7410980704197334
0.7464027584377694
0.7453086665340495
0.6832106624229163
0.7453418208341622
0.7454412837345004
Reproducing... 24
0.7387772694118427
0.5693587958358199
0.7304886943836616
0.7055235063987799
0.7454081294343876
0.6942510443604536
0.569955573237849
0.7454412837345004
0.7451428950334859
0.7453418208341622
0.6685564617730919
0.7256481665672038
0.7452092036337112
0.7260460181685564
0.7449439692328095
0.7039652542934819
0.7451097407333731
0.6327829719514622
0.7463696041376566
0.7454412837345004
0.7453086665340495
0.7453086665340495
0.7468669186393475
0.7058218950997944
Reproducing... 24
0.6950799018632716
0.7447781977322459
0.6898746767455739
0.6974338571712752
0.7451428950334859
0.7455075923347259
0.7304886943836616
0.7452092036337112
0.5693587958358199
0.7464027584377694
0.725615012267091
0.7452092036337112
0.7453418208341622
0.7450434321331477
0.7426563225250314
0.7432530999270606
0.7453086665340495
0.7374510974073337
0.6937537298587627
0.7453418208341622
0.7285988992772363
0.7479941648431802
0.7453418208341622
0.7454081294343876
Reproducing... 24
0.7479941648431802
0.7479941648431802
0.729958225581858
0.5722763742457396
0.7266759498706983
0.650619985412108
0.7504144287514091
0.6844042172269743
0.7460049068364167
0.6660035806644121
0.7453418208341622
0.7453418208341622
0.7454412837345004
0.7450434321331477
0.7452755122339367
0.7454081294343876
0.724421457463033
0.7442477289304423
0.744645580531795
0.5655460513228566
0.7423247795239043
0.7454744380346131
0.6898746767455739
0.7447781977322459
Reproducing... 24
0.7472647702407003
0.7311517803859161
0.7413964591207479
0.7453418208341622
0.7242888402625821
0.7443471918307805
0.7270406471719382
0.6477687156024137
0.6894768251442212
0.7480936277435183
0.7454412837345004
0.6659704263642995
0.6904714541476029
0.7453418208341622
0.7455739009349512
0.7215701876533387
0.7453418208341622
0.7479941648431802
0.7348982162986539
0.705987666600358
0.6515151515151515
0.666500895166103
0.7453418208341622
0.7454744380346131
Reproducing... 24
0.7455407466348385
0.7454744380346131
0.7271401100722764
0.7443140375306677
0.7415953849214243
0.7451428950334859
0.7462369869372057
0.717425900139248
0.6992241893773622
0.7437835687288641
0.7454744380346131
0.7462369869372057
0.7198793183475897
0.7335388899940323
0.7455739009349512
0.7454412837345004
0.7437172601286387
0.7480936277435183
0.7391419667130826
0.6959419136662025
0.7338704329951595
0.7381804920098137
0.7453418208341622
0.7455739009349512
Reproducing... 24
0.7284662820767853
0.7442477289304423
0.7381804920098137
0.7462369869372057
0.7196472382468007
0.7338372786950468
0.7383462635103772
0.7454081294343876
0.7442477289304423
0.7437835687288641
0.7438830316292023
0.7390756581128572
0.7454744380346131
0.7453418208341622
0.7462369869372057
0.7198793183475897
0.7454744380346131
0.7271401100722764
0.7453418208341622
0.7462369869372057
0.7454412837345004
0.7415953849214243
0.7454412837345004
0.7455739009349512
Reproducing... 24
0.7462369869372057
0.7453418208341622
0.7207413301505206
0.7449439692328095
0.7458391353358531
0.7458059810357404
0.7484251707446455
0.7313507061865924
0.7463696041376566
0.7453086665340495
0.7455739009349512
0.7260460181685564
0.7442477289304423
0.7442477289304423
0.7454412837345004
0.745607055235064
0.7405344473178171
0.745607055235064
0.7455407466348385
0.7442477289304423
0.7442477289304423
0.7271401100722764
0.7454744380346131
0.7440819574298787
Reproducing... 24
0.7454744380346131
0.7464690670379949
0.7282010476758836
0.7443803461308932
0.7475963132418275
0.7399376699157881
0.7455739009349512
0.7454744380346131
0.7411975333200717
0.7488230223459983
0.7446787348319077
0.7459054439360785
0.7282010476758836
0.7443803461308932
0.7314501690869306
0.7448776606325841
0.7221006564551422
0.7420595451230024
0.7458391353358531
0.7440819574298787
0.7454744380346131
0.740302367217028
0.744280883230555
0.7454744380346131
Reproducing... 24
0.7454744380346131
0.7440819574298787
0.7407996817187189
0.7284662820767853
0.7472647702407003
0.7159008023340627
0.7425900139248061
0.7454412837345004
0.7454744380346131
0.7448776606325841
0.7282673562761091
0.7455739009349512
0.7454744380346131
0.7464690670379949
0.7446124262316822
0.7454412837345004
0.7458391353358531
0.7454744380346131
0.747894701942842
0.7456402095351767
0.7282010476758836
0.7443803461308932
0.7283005105762217
0.7401365957164644
Reproducing... 24
0.7454081294343876
0.7454412837345004
0.7454744380346131
0.7449439692328095
0.7455739009349512
0.7442145746303296
0.7476294675419402
0.7454744380346131
0.7456402095351767
0.7425900139248061
0.7282010476758836
0.7282673562761091
0.7285657449771236
0.744280883230555
0.7427889397254824
0.7476294675419402
0.7454744380346131
0.7282010476758836
0.7454744380346131
0.7282673562761091
0.7459385982361912
0.7412306876201843
0.7420926994231152
0.7458059810357404
Reproducing... 24
0.745607055235064
0.7458059810357404
0.7424573967243552
0.7448776606325841
0.7453749751342749
0.7453418208341622
0.7285657449771236
0.7454744380346131
0.7282342019759963
0.7282342019759963
0.7423579338240169
0.7446124262316822
0.7454744380346131
0.7454744380346131
0.7420926994231152
0.7454081294343876
0.7455075923347259
0.7285325906770108
0.7442145746303296
0.7425900139248061
0.7458059810357404
0.7459385982361912
0.7458059810357404
0.7454744380346131
Reproducing... 24
0.744280883230555
0.7458059810357404
0.7282342019759963
0.7425900139248061
0.7285988992772363
0.7458722896359657
0.746203832637093
0.7419600822226643
0.7449108149326967
0.745971752536304
0.7458722896359657
0.7282673562761091
0.7288972879782508
0.727902658974869
0.7452092036337112
0.744645580531795
0.745010277833035
0.7423247795239043
0.7415622306213115
0.7454744380346131
0.7458059810357404
0.7458059810357404
0.7458391353358531
0.741993236522777
Reproducing... 24
0.7459385982361912
0.7424573967243552
0.7441814203302168
0.7289304422783635
0.7289304422783635
0.7285988992772363
0.744645580531795
0.7458722896359657
0.741993236522777
0.7285988992772363
0.7459385982361912
0.7448776606325841
0.745607055235064
0.7266759498706983
0.7458059810357404
0.7419600822226643
0.7458059810357404
0.741993236522777
0.7419600822226643
0.7458059810357404
0.7425900139248061
0.727902658974869
0.7472316159405875
0.7418274650222134
Reproducing... 24
0.7441814203302168
0.7458059810357404
0.743684105828526
0.7418274650222134
0.7408659903189444
0.7453418208341622
0.7459385982361912
0.7424573967243552
0.741993236522777
0.741993236522777
0.7425900139248061
0.7418274650222134
0.7418274650222134
0.7418274650222134
0.7285988992772363
0.7425900139248061
0.7289635965784762
0.7452755122339367
0.7417280021218752
0.7474636960413765
0.7470658444400239
0.7459385982361912
0.7284994363768981
0.7459054439360785
Reproducing... 24
