Processing data...
Initializing network...
Search on 'income', 1 nodes, 0.8 thresh, 75 pop size, 300 search time, 0.15 mutation rate
Searching...
0.3128108215635568
0.4890259266626881
0.5312645050062993
0.6351700815595783
0.3074066706451827
0.2945428022014455
0.5698561103375108
0.6747563158941715
0.7485246336449838
0.3788541873881042
0.3921822160334195
0.33227239572972617
0.4118095617001525
0.527087063192096
0.4086599031894437
0.40007293946024797
0.3600556992241894
0.6524434719183078
0.6258205689277899
0.685531463430807
0.7437172601286387
0.6260194947284663
0.26523440090179695
0.3996419335587826
0.6016842384457264
0.5960148531264505
0.3790531131887806
0.31791658378091636
0.4397917909952921
0.6139844837875472
0.6636827796565214
0.639778529275247
0.6632849280551688
0.4348849545786089
0.2703733174192693
0.6683906902725284
0.324945295404814
0.47516742921556926
0.6634506995557323
0.26012863868443736
0.6967044625687951
0.5219813009747364
0.5977057224321994
0.6429281877859558
0.3483522312843976
0.7348319076984284
0.6443206683906902
0.4201975996286718
0.401034414163517
0.587527352297593
0.4550427690471454
0.7185863006431934
0.5660102115244348
0.34095882235926
0.7415290763211989
0.39828260725416087
0.3705987666600358
0.679033220608713
0.6055632915589152
0.4261653736489623
0.3921490617333068
0.7437835687288641
0.7330415754923414
0.5384589881307605
0.4018301173662224
0.3051190239374047
0.29795769511305614
0.47881440222796895
0.47569789801737283
0.7308865459850142
0.3229228830979378
0.3656256216431271
0.2807837676546648
0.47261454810688946
0.6666003580664412
Reproducing... 75
0.7448776606325841
0.6665340494662158
0.3449041840726742
0.6311584112459386
0.7200450898481533
0.6319209601485313
0.40017240236058615
0.6847689145282143
0.533353225913401
0.42258470923678804
0.6713414229825608
0.5221470724753
0.5886877528015384
0.6397122206750215
0.3921490617333068
0.3921159074331941
0.6764803395000332
0.4001060937603607
0.3865128307141436
0.40468138717591673
0.4301107353623765
0.5722100656455142
0.26603010410450234
0.45968437106292687
0.48899277236257543
0.6399774550759233
0.7120880578210994
0.32388435780120683
0.5335853060141901
0.5985345799350176
0.47662621842052916
0.2644718519992043
0.46343080697566474
0.6624560705523507
0.6068231549631987
0.7439161859293151
0.6224719846164047
0.7457396724355149
0.3708640010609376
0.42583383064783503
0.44383661560904447
0.3257741529076321
0.6340759896558583
0.4054107817783967
0.6801604668125456
0.2695776142165639
0.6581460115376965
0.7220343478549168
0.7223990451561567
0.5930309661163052
0.5799018632716664
0.650984682713348
0.3600556992241894
0.35988992772362577
0.38213646309926397
0.33867117565148197
0.45431337444466546
0.5752934155559977
0.7224321994562695
0.3588621444201313
0.3030966116305285
0.5977057224321994
0.7458722896359657
0.6880180359392614
0.6455142231947484
0.7434520257277369
0.6973343942709369
0.486870897155361
0.3842583383064784
0.3131755188647968
0.29557058550494
0.3416219083615145
0.345534115774816
0.7497513427491546
Reproducing... 74
0.5807307207744844
0.3125787414627677
0.6067568463629732
0.688051190239374
0.3972548239506664
0.6316888800477422
0.5336847689145282
0.339035872952722
0.6391485975731053
0.42344672103971887
0.5990318944367085
0.38011405079238775
0.2731914329288509
0.29324978449704925
0.3557787945096479
0.6340759896558583
0.46343080697566474
0.3131755188647968
0.6414693985809959
0.7245209203633711
0.5342815463165572
0.575359724156223
0.7216696505536768
0.639778529275247
0.6581460115376965
0.6455473774948611
0.29580266560572904
0.7476294675419402
0.6321198859492076
0.7379484119090246
0.7380478748093627
0.282806179961541
0.38362840660433656
0.6964060738677806
0.7225648166567203
0.7434188714276242
0.41144486439891254
0.665539420462834
0.6635833167561833
0.3608845567270075
0.6374245739672435
0.6829122737219018
0.5448909223526291
0.7042967972946091
0.2678535906107022
0.7314501690869306
0.7120880578210994
0.6540017240236059
0.6588422518400636
0.6969365426695843
0.3998077050593462
0.6180624627014124
0.526258205689278
0.6849678403288907
0.26062595318612825
0.2827067170612028
0.2550228764670778
0.6269809694317353
0.6535375638220278
0.7144420131291028
0.7090378622107287
0.6702141767787282
0.7225648166567203
0.3230555002983887
0.6079835554671441
0.5895166103043564
0.5752934155559977
0.7219348849545786
0.3261720045089848
0.73874411511173
0.6991247264770241
0.6328161262515748
0.3220940255951197
0.6912008487500829
Reproducing... 74
0.3608845567270075
0.6880180359392614
0.5335189974139646
0.7114912804190704
0.7435183343279623
0.35766858961607323
0.7081095418075725
0.7411643790199589
0.7373847888071082
0.3275313308136065
0.33644983754392943
0.7194151581460115
0.5796697831708773
0.7394735097142099
0.7374842517074465
0.7441814203302168
0.7271401100722764
0.6400437636761488
0.3538889994032226
0.6385518201710761
0.6740269212916915
0.6175319938996088
0.6845036801273126
0.46333134407532656
0.7441482660301041
0.2856574497712353
0.5958490816258869
0.6919302433525628
0.2826404084609774
0.3999071679596844
0.718155294741728
0.6381871228698363
0.7353955308003448
0.47155361050328226
0.47145414760294413
0.45245673363835287
0.5284795437968305
0.6767124196008222
0.7407333731184935
0.5935282806179961
0.6314899542470659
0.6413036270804323
0.6183940057025397
0.4230157151382534
0.28297195146210463
0.279557058550494
0.2631456799946953
0.3585969100192295
0.657482925535442
0.7289304422783635
0.5659107486240965
0.7401034414163516
0.7310523174855779
0.47394072011139843
0.41144486439891254
0.6969365426695843
0.6626549963530269
0.6383197400702871
0.6330813606524767
0.2935481731980638
0.5982030369338903
0.40875936608978186
0.36443206683906904
0.7346329818977522
0.7226311252569458
0.42328094953915524
0.7398382070154499
0.5612028380080897
0.6859624693322725
0.29596843710629267
0.7049930375969763
0.5725084543465288
0.6849015317286652
0.6581128572375837
Reproducing... 74
0.7438167230289768
0.6514488429149261
0.36489622704064717
0.7392414296134209
0.3252105298057158
0.3828658577017439
0.44824613752403686
0.3907897354286851
0.710695577216365
0.7165307340362045
0.7466348385385585
0.42464027584377695
0.4920429679729461
0.562727935813275
0.6340759896558583
0.38263377760095485
0.2727935813274982
0.6923612492540282
0.7195146210463497
0.6919633976526756
0.5469133346595053
0.5302367217028049
0.7385451893110536
0.4219547775346462
0.3569391950135933
0.4725150852065513
0.7443471918307805
0.7194151581460115
0.6568198395331875
0.6386844373715271
0.5157151382534315
0.4867714342550229
0.48683774285524833
0.7494861083482528
0.736456468403952
0.341920297062529
0.6637159339566342
0.639413831974007
0.4153902261123268
0.5237384788807108
0.7302234599827597
0.704661494595849
0.5972415622306213
0.6940189642596645
0.32733240501293015
0.5336516146144155
0.741263841920297
0.2809163848551157
0.744048803129766
0.721769113454015
0.7516411378555798
0.6212784298123467
0.5387242225316624
0.293879716199191
0.676977654001724
0.27912605264902857
0.6381539685697235
0.6850341489291161
0.2638087659969498
0.3480869968834958
0.4706584444002387
0.7413301505205225
0.5299051787016776
0.7391751210131954
0.7342351302963994
0.6296333134407532
0.7350971420993303
0.701909687686493
0.7441482660301041
0.5958490816258869
0.6676281413699356
0.7495524169484782
0.5106756846362973
0.6333797493534912
Reproducing... 74
0.4455937935150189
0.7338704329951595
0.5339831576155427
0.6536038724222532
0.6417014786817851
0.7432530999270606
0.7353623765002321
0.5275180690935615
0.7441814203302168
0.744048803129766
0.37951727339035873
0.7397718984152245
0.6759498706982295
0.7431867913268351
0.5501624560705524
0.36231019163185463
0.6219415158146011
0.7493203368476892
0.7122206750215503
0.6224719846164047
0.6881174988395995
0.46707777998806443
0.7389761952125191
0.718387374842517
0.48673827995491015
0.6920628605530137
0.6676281413699356
0.7165307340362045
0.7421258537232279
0.6316888800477422
0.7442477289304423
0.6346727670578874
0.6377892712684835
0.685166766129567
0.7450765864332604
0.6978648630727405
0.5091837411312247
0.4720177707048604
0.5778131423645647
0.5380279822292952
0.33535574564020953
0.5950202241230688
0.2709369405211856
0.7207413301505206
0.49181088787215704
0.41830780452224653
0.734168821696174
0.27922551554936675
0.7358265367018102
0.740899144619057
0.7428552483257078
0.25827199787812477
0.6925933293548173
0.27249519262648364
0.6849678403288907
0.7351966049996684
0.405974404880313
0.7287315164776872
0.6829785823221272
0.5241694847821763
0.7519063722564817
0.7186526092434189
0.5300046416020158
0.6386512830714144
0.6343412240567602
0.5770505934619721
0.7413633048206353
0.5153504409521915
0.4691665008951661
0.7101651084145614
0.5110735362376501
0.3832637093030966
0.6497911279092898
0.4197334394270937
Reproducing... 74
0.6332802864531529
0.7409322989191698
0.48889330946223725
0.6353690073602546
0.7063855182017108
0.6272793581327498
0.7171275114382335
0.6913997745507592
0.6679265300709502
0.6736622239904516
0.4850474106491612
0.682879119421789
0.6748226244943969
0.691068231549632
0.6676281413699356
0.6224719846164047
0.5317618195079902
0.649658510708839
0.6255221802267754
0.7315827862873815
0.6698163251773755
0.575724421457463
0.5670379948279292
0.7109939659173795
0.7386446522113919
0.7495524169484782
0.7360586168025993
0.7063855182017108
0.5218155294741728
0.5423048869438366
0.7257476294675419
0.34228499436376897
0.633147669252702
0.7363901598037266
0.6557589019295803
0.746933227239573
0.7500165771500563
0.6365957164644255
0.7388104237119555
0.7488230223459983
0.7171606657383462
0.714906173330681
0.7432199456269478
0.5368012731251244
0.532988528612161
0.6594390292420927
0.7431867913268351
0.6751873217956369
0.7411643790199589
0.4968834957894039
0.7393077382136463
0.5340494662157682
0.7433857171275114
0.2754790796366289
0.5360718785226444
0.5201246601684238
0.7189509979444334
0.7396724355148863
0.3916849015317287
0.7398382070154499
0.7556528081692195
0.6930574895563955
0.3665539420462834
0.519030568264704
0.745242357933824
0.7100324912141105
0.6851999204296797
0.2584377693786884
0.4729792454081294
0.5698229560373981
0.7441814203302168
0.6317220343478549
0.37020091505868313
0.7179232146409389
Reproducing... 74
0.7180889861415025
0.4846495590478085
0.7316490948876069
0.7270074928718254
0.709966182613885
0.7260460181685564
0.5704197334394271
0.7095020224123069
0.6362310191631855
0.6280750613354552
0.3284596512167628
0.4959883296863603
0.7558848882700087
0.714674093229892
0.6432265764869703
0.7173264372389099
0.7409322989191698
0.7053245805981035
0.6821828791194218
0.5195278827663948
0.7375174060075592
0.5732378489490086
0.40690272528346927
0.6157748159936344
0.7045620316955109
0.6753199389960878
0.5710496651415689
0.7500828857502818
0.7396724355148863
0.6847357602281016
0.6343080697566474
0.7279689675750944
0.6771434255022877
0.5767853590610702
0.7513427491545653
0.7469995358397984
0.7197798554472515
0.7324116437901996
0.34228499436376897
0.5201246601684238
0.6678933757708375
0.7079106160068961
0.6981300974736423
0.6892778993435449
0.4681055632915589
0.4267621510509913
0.7432199456269478
0.6275777468337643
0.6593395663417545
0.3704329951594722
0.7337709700948213
0.5835488362840661
0.7394403554140973
0.4816656720376633
0.3675154167495524
0.36990252635766857
0.3192759100855381
0.7391419667130826
0.7070154499038526
0.6311915655460513
0.6531065579205623
0.6338439095550693
0.6222730588157284
0.7378821033087991
0.5457197798554473
0.5718122140441615
0.6756846362973278
0.7355944566010212
0.35203235859691
0.7162654996353027
0.6463762349976792
0.49681718718917844
0.6327829719514622
0.7487567137457728
Reproducing... 74
0.7421258537232279
0.4594522909621378
0.5253298852861216
0.48348915854386315
0.7205092500497314
0.6817518732179564
0.7369206286055301
0.5404150918374113
0.49356806577813145
0.733074729792454
0.634606458457662
0.7067833698030634
0.6780054373052185
0.6911676944499702
0.7250845434652875
0.7426894768251442
0.5683641668324382
0.7500497314501691
0.7053577348982163
0.7156024136330482
0.5578210993965917
0.4586897420595451
0.3280617996154101
0.7511769776540017
0.49761289039188383
0.6753862475963133
0.47069159870035143
0.7486904051455474
0.6972349313705988
0.6762814136993568
0.6970028512698097
0.7274053444731782
0.6808898614150255
0.7116902062197467
0.5731383860486705
0.7387109608116172
0.6898746767455739
0.7068828327034016
0.5903123135070618
0.7513095948544526
0.43422186857635436
0.6984947947748823
0.7165307340362045
0.6879517273390359
0.7484251707446455
0.741628539221537
0.48146674623698693
0.5697898017372853
0.7094357138120815
0.7554207280684305
0.6035077249519263
0.7521716066573835
0.4251044360453551
0.6989258006763477
0.7395398183144354
0.35249651879848815
0.47234931370598765
0.7435846429281878
0.6311915655460513
0.667594987069823
0.7270074928718254
0.7070154499038526
0.7496850341489291
0.7259465552682183
0.5828525959816988
0.727537961673629
0.6807572442145746
0.7398382070154499
0.4681055632915589
0.7095020224123069
0.6811219415158146
0.739340892513759
0.43813407598965587
0.7114249718188449
Reproducing... 74
0.6398448378754724
0.4516610304356475
0.7394403554140973
0.6980637888734169
0.5255288110867979
0.6676612956700484
0.7274384987732909
0.7436509515284132
0.7070154499038526
0.6984947947748823
0.707811153106558
0.7481930906438565
0.4945958490816259
0.6488959618062463
0.7184536834427425
0.5704528877395398
0.5566938531927591
0.6640806312578742
0.6073204694648896
0.5238710960811618
0.7268417213712619
0.6765134938001459
0.7088720907101651
0.7427557854253697
0.7503481201511836
0.30359392613221936
0.5790066971686227
0.6826801936211127
0.7396724355148863
0.7232942112592003
0.7345666732975267
0.746568529938333
0.7072806843047543
0.688780584841854
0.7391751210131954
0.5442609906504874
0.7259465552682183
0.7488893309462237
0.7461706783369803
0.6863934752337378
0.7091704794111796
0.6842384457264107
0.4741728002121875
0.5992639745374975
0.45931967376168686
0.74872355944566
0.7251840063656256
0.7477289304422784
0.7369206286055301
0.7521716066573835
0.6993568065778132
0.7411643790199589
0.6889795106425304
0.5865990318944367
0.7340693587958358
0.5828194416815861
0.7549565678668523
0.7278031960745308
0.42759100855380944
0.7484251707446455
0.4255022876467078
0.7517406007559181
0.7287646707777998
0.7451760493335986
0.6333797493534912
0.6908029971487302
0.6430608049864067
0.6177309197002852
0.6298985478416551
0.7389761952125191
0.5188647967641403
0.6876864929381341
0.7164312711358664
0.679033220608713
Reproducing... 74
