Processing data...
Initializing network...
Search on 'income', 1 nodes, 0.8 thresh, 100 pop size, 3600 search time
Searching...
0.6770771169020622
0.30860022544924076
0.7126848352231284
0.3307804522246535
0.2551886479676414
0.7488893309462237
0.6213115841124593
0.6595384921424309
0.6438565081891121
0.7507791260526491
0.3841920297062529
0.7083747762084742
0.3322392414296134
0.5610039122074133
0.578144685365692
0.4210927657317154
0.3078045222465354
0.6450832172932829
0.2574762946754194
0.5475101120615343
0.34182083416219083
0.35922684172137126
0.5363371129235461
0.42679530535110405
0.7539287845633579
0.6294012333399642
0.31380545056693854
0.6483323387043299
0.28638684437371525
0.5694914130362708
0.5985677342351303
0.348418539884623
0.46721039718851537
0.2864531529739407
0.3427491545653471
0.46127577746833764
0.7288972879782508
0.6536701810224786
0.5171076188581659
0.6126583117830383
0.4926397453749751
0.4617730919700285
0.5174391618592932
0.6634838538558451
0.6846694516278762
0.4866719713546847
0.660367349645249
0.49482792918241497
0.4759299781181619
0.27355613023009084
0.3154963198726875
0.2796565214508322
0.2767057887407997
0.4484782176248259
0.42805516875538757
0.3327365559313043
0.36393475233737815
0.7441482660301041
0.508189112127843
0.28383396326503546
0.3158941714740402
0.4548769975465818
0.7425568596246933
0.5935614349181089
0.6794642265101783
0.5242689476825144
0.426198527949075
0.3479875339831576
0.5573237848949009
0.5251972680856707
0.679397917909953
0.6782043631058948
0.5854054770903786
0.6329487434520257
0.385020887209071
0.4243087328426497
0.3594920761222731
0.2748823022345998
0.6818844904184073
0.7170612028380081
0.3348915854386314
0.7154034878323718
0.6156090444930707
0.512399708242159
0.36473045554008354
0.5612359923082024
0.5637557191167695
0.6901399111464757
0.5108746104369737
0.37666600358066443
0.3209004707910616
0.3710297725615012
0.3141701478681785
0.6465088521981301
0.7519726808567071
0.7178237517406008
0.4089251375903455
0.6604999668456999
0.6320204230488694
0.6652078774617067
Reproducing... 100
0.7041641800941583
0.2780982693455341
0.3081360652476626
0.5725084543465288
0.3339301107353624
0.43190106756846364
0.6302963994430077
0.7548239506664014
0.3639679066374909
0.2860221470724753
0.26414030899807706
0.3797493534911478
0.6500895166103043
0.5843776937868842
0.33190769842848616
0.6441548968901266
0.7427889397254824
0.7497181884490418
0.4426430608049864
0.5378622107287315
0.5539088919832902
0.5708838936410052
0.7509780518533253
0.5855049399907168
0.3836615609044493
0.2919236124925403
0.36366951793647634
0.6125920031828128
0.702871162389762
0.6986274119753332
0.6773755056030767
0.6433591936874212
0.7425237053245806
0.7404018301173663
0.4675419401896426
0.619189708905245
0.7384788807108282
0.5702539619388635
0.6609309727471653
0.7422584709236788
0.6114979112790929
0.5995623632385121
0.27518069093561437
0.6818844904184073
0.4920761222730588
0.46369604137656656
0.4702274384987733
0.577415290763212
0.40730057688482196
0.5142563490484716
0.6284066043365825
0.675054704595186
0.496386181287713
0.4473178171208806
0.6885485047410649
0.4985080564949274
0.6166036734964525
0.3456998872753796
0.49250712817452424
0.2765400172402361
0.45723095285458526
0.4182414959220211
0.7485909422452092
0.7315827862873815
0.7338372786950468
0.39244745043432133
0.3267024733107884
0.632915589151913
0.30793713944698625
0.5336184603143027
0.6289702274384987
0.6638817054571978
0.7001525097805186
0.600888535243021
0.5936277435183344
0.5082222664279558
0.7445129633313441
0.7162986539354155
0.7492540282474637
0.5233406272793582
0.6664677408659904
0.6282739871361316
0.2730919700285127
0.26898083681453483
0.3416550626616272
0.4618062462701412
0.7520389894569326
0.6645447914594523
0.3964922750480737
0.48014057423247797
0.4227504807373516
0.5409787149393276
0.7219017306544658
0.4660831509846827
0.7507791260526491
0.4120416418009416
0.5737020091505868
0.3077050593461972
0.7273721901730654
0.7320137921888469
Reproducing... 100
0.64723824680061
0.6541343412240568
0.4756315894171474
0.2937802532988529
0.5372654333267025
0.7627809826934553
0.7433525628273987
0.3607519395265566
0.5294078641999868
0.6339433724554074
0.45587162654996355
0.564054107817784
0.6813540216166036
0.405974404880313
0.2674557390093495
0.46558583648299184
0.7463364498375439
0.6144817982892381
0.573072077448445
0.5667396061269147
0.4404880312976593
0.5478748093627743
0.6853656919302433
0.6544327299250713
0.7166633512366554
0.7189509979444334
0.5773821364630992
0.6985611033751078
0.7426563225250314
0.6989921092765732
0.4646243617797228
0.7544592533651615
0.43369139977455073
0.7219348849545786
0.7497513427491546
0.635932630462171
0.7471321530402493
0.7309860088853525
0.7515748292553545
0.731516477687156
0.5443604535508255
0.698892646376235
0.5031496585107088
0.3714276241628539
0.6282739871361316
0.6288376102380479
0.7316490948876069
0.5700550361381871
0.6688216961739938
0.7401034414163516
0.37345003646973013
0.3957960347457065
0.7405344473178171
0.7219680392546913
0.6646774086599032
0.6638817054571978
0.3431138518665871
0.539122074133015
0.4378025329885286
0.7602612558848882
0.722498508056495
0.547675883562098
0.7539287845633579
0.6630860022544924
0.529739407201114
0.3497115575890193
0.5363371129235461
0.5755918042570122
0.5941250580200252
0.628340295736357
0.3123798156620914
0.6271467409322989
0.5785425369670446
0.44168158610171737
0.7432862542271733
0.7455075923347259
0.7499502685498309
0.7506133545520854
0.41406405410781777
0.6913334659505338
0.43667528678469597
0.6843710629268616
0.7563490484715868
0.3604867051256548
0.7143425502287647
0.7037663284928055
0.6722365890856044
0.7199124726477024
0.2539950931635833
0.48252768384059413
0.6072541608646641
0.44821298322392417
0.723459982759764
0.7439161859293151
0.6404747695776142
0.3404283535574564
0.7505802002519727
0.6796963066109675
0.7497181884490418
0.4919766593727206
Reproducing... 100
0.5996286718387375
0.740667064518268
0.5887872157018765
0.31476692527020755
0.6580465486373582
0.4632650354751011
0.7517406007559181
0.7204760957496187
0.6419335587825741
0.74945295404814
0.7435846429281878
0.4869040514554738
0.6615940587494198
0.40915721769113456
0.47609574961872553
0.4367415953849214
0.7303892314833234
0.6748557787945096
0.6488296532060208
0.36549300444267624
0.5300046416020158
0.47447118891320206
0.712485909422452
0.7447450434321331
0.5548703666865592
0.5487036668655925
0.7493203368476892
0.7397387441151118
0.7137789271268483
0.7059545123002453
0.7203103242490551
0.7218022677541277
0.6411710098799814
0.6921954777534646
0.7066507526026126
0.5831841389828261
0.6908361514488429
0.6267157350308336
0.6441548968901266
0.6682249187719648
0.4866719713546847
0.7091041708109542
0.31151780385916056
0.6415688614813341
0.7421258537232279
0.5492009813672833
0.3607519395265566
0.3833631722034348
0.747165307340362
0.7430210198262714
0.35932630462170945
0.37215701876533386
0.5387242225316624
0.611962071480671
0.718155294741728
0.7369206286055301
0.6754525561965387
0.7389761952125191
0.7527020754591871
0.7271401100722764
0.67157350308335
0.6893442079437703
0.6852662290299052
0.456534712552218
0.5880246667992839
0.7377163318082355
0.7141767787282011
0.7501491943505073
0.555500298388701
0.4064054107817784
0.6282076785359061
0.7405344473178171
0.7484251707446455
0.46664677408659905
0.5370333532259134
0.6683906902725284
0.594987069822956
0.7283668191764472
0.7241230687620185
0.3372123864465221
0.7678867449108149
0.645315297394072
0.7399045156156754
0.7371527087063192
0.7497844970492673
0.43375770837477623
0.656156753530933
0.7500828857502818
0.7317485577879451
0.29351501889795106
0.2585372322790266
0.6510509913135734
0.45036801273125127
0.6871560241363305
0.6727339035872952
0.7162986539354155
0.7293282938797162
0.5030501956103707
0.7165307340362045
0.5770174391618593
Reproducing... 100
0.745607055235064
0.6926927922551555
0.7300245341820835
0.3508719580929647
0.7572110602745176
0.6996883495789404
0.715635567933161
0.7453086665340495
0.7119885949207613
0.7006498242822095
0.6982627146740932
0.6472050925004973
0.6967044625687951
0.719116769444997
0.7058882037000199
0.7498839599496054
0.765599098203037
0.6438896624892249
0.6296333134407532
0.32272395729726144
0.6944499701611299
0.4644254359790465
0.7493203368476892
0.6908361514488429
0.6754857104966514
0.7137789271268483
0.5038458988130761
0.7206087129500697
0.7064849811020489
0.7059545123002453
0.7398713613155626
0.277634109143956
0.6457463032955374
0.7385120350109409
0.7385120350109409
0.7456402095351767
0.7209071016510842
0.6694516278761355
0.33751077514753663
0.6444864398912539
0.7378489490086865
0.6709435713812082
0.7296929911809562
0.6887142762416285
0.7267091041708109
0.744645580531795
0.6161063589947616
0.45371659704263645
0.6808235528148001
0.603408262051588
0.3650619985412108
0.7491545653471255
0.6777070486042039
0.7579073005768848
0.672170280485379
0.707081758504078
0.48392016444532854
0.7096346396127577
0.7491545653471255
0.7500828857502818
0.7498508056494927
0.7739208275313308
0.7350308334991048
0.7446124262316822
0.649890590809628
0.7323784894900869
0.457496187255487
0.6020489357469664
0.7188515350440953
0.7317154034878324
0.7103971885153504
0.7472647702407003
0.7137457728267357
0.7305218486837742
0.6688548504741065
0.7199787812479278
0.7411975333200717
0.6398779921755852
0.7247861547642729
0.558152642397719
0.359259996021484
