Processing data...
Initializing network...
Search on 'income', 1 nodes, 0.8 thresh, 50 pop size, 3600 search time, 0.25 mutation rate
Searching...
0.6615940587494198
0.35501624560705525
0.686128240832836
0.4643259730787083
0.2736224388303163
0.4733439427093694
0.7293946024799417
0.45335189974139645
0.24978449704926728
0.5319275910085538
0.3238512035010941
0.45040116703136396
0.3490816258868775
0.3320734699290498
0.45756249585571246
0.6778396658046548
0.3600556992241894
0.4354817319806379
0.29742722631125257
0.6124925402824747
0.4977455075923347
0.3601883164246403
0.7097672568132086
0.5107751475366356
0.5658775943239838
0.5020887209071017
0.5046084477156687
0.5130296399443007
0.7183542205424044
0.3847556528081692
0.3594920761222731
0.7047609574961873
0.7228300510576222
0.6299317021417677
0.351070883893641
0.250779126052649
0.6027451760493336
0.6394469862741198
0.6768781911013858
0.5840793050858696
0.6520456203169551
0.6313904913467276
0.5902128506067237
0.4331940852728599
0.746568529938333
0.4600159140640541
0.6259863404283535
0.3583316756183277
0.5830515217823752
0.32620515880909756
Reproducing... 50
0.7296266825807307
0.7454744380346131
0.6767124196008222
0.7046946488959618
0.7047609574961873
0.36904051455473774
0.5097142099330283
0.574398249452954
0.626052649028579
0.43312777667263447
0.2976924607121544
0.7020091505868311
0.6162389761952125
0.6970691598700351
0.3232544260990651
0.28784563357867515
0.2841655062661627
0.7244877660632584
0.5171076188581659
0.5686625555334527
0.7391751210131954
0.5385916053312114
0.7297924540812943
0.36728333664876334
0.6072873151647769
0.3580995955175386
0.4973145016908693
0.5462834029573636
0.25280153835952524
0.6016842384457264
0.3338306478350242
0.6461441548968901
0.7292619852794907
0.32007161328824346
0.34629666467740866
0.748856176646111
0.31844705258272
0.6838737484251708
0.4710894503017041
0.7017107618858166
0.67047941117963
0.6911345401498574
0.3838936410052384
0.7306876201843379
0.5991645116371593
0.7356939195013593
0.6511172999137989
0.4698295868974206
0.37882103308799153
0.6471056296001592
Reproducing... 50
0.28443074066706453
0.6965055367681188
0.2829387971619919
0.5402824746369604
0.7009813672833366
0.5974073337311849
0.7352297592997812
0.7195809296465752
0.7276374245739673
0.44569325641535706
0.4721172336051986
0.7016776075857039
0.6392149061733307
0.4869040514554738
0.5991645116371593
0.6796631523108547
0.6531728665207878
0.7240236058616802
0.5018897951064253
0.6217094357138121
0.7066507526026126
0.6197201777070486
0.6864266295338506
0.44638949671772427
0.30578210993965915
0.43352562827398716
0.5322259797095683
0.37013460645845764
0.60185000994629
0.3601883164246403
0.6881174988395995
0.7388104237119555
0.6261189576288044
0.7292619852794907
0.7013129102844639
0.6461441548968901
0.7019759962867184
0.6974007028711624
0.7349313705987667
0.6904051455473775
0.4749353491147802
0.5662422916252238
0.7306876201843379
0.7306876201843379
0.5551024467873483
0.7092367880114051
0.696604999668457
0.7089383993103906
0.5181022478615477
0.7033021682912274
Reproducing... 50
0.7195809296465752
0.7195809296465752
0.7337709700948213
0.642198793183476
0.744645580531795
0.40759896558583647
0.7026722365890856
0.7296598368808435
0.7071480671043034
0.6913334659505338
0.6505868311119952
0.5991645116371593
0.5930309661163052
0.6269146608315098
0.5923678801140508
0.5577547907963663
0.7014786817850275
0.6176977654001724
0.5360718785226444
0.6826470393209999
0.7254492407665274
0.7167628141369936
0.7435514886280751
0.6044028910549698
0.7011139844837876
0.7244546117631456
0.7052914262979908
0.6648431801604668
0.584278230886546
0.6908361514488429
0.6708772627809827
0.6348053842583383
0.7148398647304556
0.5867648033950004
0.5194947284662821
0.631954114448644
0.6859624693322725
0.7360917711027121
0.7139446986274119
0.5934951263178835
0.6392149061733307
0.7016776075857039
0.43796830448909224
0.741993236522777
0.6788011405079238
0.6058616802599297
0.7272727272727273
0.7195477753464624
0.7268085670711492
0.6226709104170811
Reproducing... 50
0.6921623234533519
0.735130296399443
0.5267886744910815
0.622206750215503
0.7493866454479146
0.6802599297128837
0.5313971222067502
0.699986738279955
0.7275048073735163
0.701544990385253
0.6044028910549698
0.39987401365957165
0.7013792188846893
0.7294940653802798
0.7026722365890856
0.5867648033950004
0.6914329288508719
0.7429547112260461
0.6845036801273126
0.6380545056693854
0.7231947483588621
0.44569325641535706
0.5862343345931967
0.6914992374510974
0.6058616802599297
0.6058616802599297
0.6842716000265234
0.7283668191764472
0.7276705788740799
0.7012466016842385
0.5872289635965785
0.7236589085604402
0.7139115443272992
0.7195809296465752
0.521185597772031
0.6212784298123467
0.6880180359392614
0.655427358928453
0.7457065181354021
0.6951793647636099
0.5608049864067369
0.5631257874146277
0.5399509316358332
0.6251243286254227
0.6987600291757841
0.7424905510244679
0.6000928320403156
0.702506465088522
0.46048007426563226
0.6813540216166036
Reproducing... 50
0.7496850341489291
0.598965585836483
0.6234666136197865
0.6268815065313971
0.7261786353690074
0.6068563092633115
0.692759100855381
0.736224388303163
0.6889132020423049
0.45540746634838536
0.7266759498706983
0.6050659770572243
0.7008819043829985
0.7264107154697964
0.49386645447914596
0.7208407930508587
0.6957761421656389
0.6106027451760493
0.44002387109608115
0.7250845434652875
0.6975996286718388
0.6814866388170546
0.7126516809230157
0.7223658908560441
0.6423977189841522
0.6906703799482793
0.7474305417412639
0.6663351236655394
0.6772097341025131
0.7378489490086865
0.6624892248524633
0.6914329288508719
0.6331808235528148
0.6698163251773755
0.6098070419733439
0.7104966514156886
0.6730986008885352
0.7244546117631456
0.44685365691930246
0.6664677408659904
0.7007492871825476
0.4007360254625025
0.6882501160400504
0.683111199522578
0.6953782905642862
0.7301571513825343
0.6244280883230555
0.6925601750547046
0.6223725217160666
0.732477952390425
Reproducing... 50
0.611232676878191
0.7337709700948213
0.7100324912141105
0.690338836947152
0.7349645248988794
0.7297592997811816
0.6333797493534912
0.6094754989722166
0.6223725217160666
0.6223725217160666
0.7296929911809562
0.6716729659836881
0.6113984483787547
0.7005172070817585
0.7292619852794907
0.6272793581327498
0.6276440554339898
0.7463032955374312
0.7321795636894105
0.5474106491611962
0.7130826868244812
0.7339367415953849
0.6914329288508719
0.6914329288508719
0.7188515350440953
0.7121543664213248
0.6062595318612825
0.7028380080896492
0.5259598169882633
0.7441814203302168
0.6799615410118692
0.660002652344009
0.7150719448312446
0.7370532458059811
0.6922949406538028
0.6839400570253962
0.6604005039453618
0.7167628141369936
0.6589417147404019
0.6944831244612426
0.7098998740136596
0.6386512830714144
0.7269080299714873
0.6643127113586632
0.6914992374510974
0.7203766328492806
0.7268085670711492
0.7495192626483655
0.7013792188846893
0.6871560241363305
Reproducing... 50
0.7207413301505206
0.7480273191432929
0.7343014388966249
0.6634506995557323
0.660002652344009
0.660002652344009
0.6955109077647371
0.6815197931171673
0.7173595915390226
0.6212121212121212
0.6177309197002852
0.7355613023009084
0.7381141834095882
0.7072143757045288
0.7371527087063192
0.6837411312247198
0.6505868311119952
0.7386446522113919
0.6930906438565082
0.7320469464889596
0.6641469398580996
0.7155029507327101
0.68118825011604
0.6301306279424441
0.6111663682779657
0.664345865658776
0.7203766328492806
0.6643127113586632
0.7463032955374312
0.6062926861613951
0.6191234003050196
0.7130495325243684
0.74945295404814
0.7013792188846893
0.7140441615277502
0.5649161196207148
0.6208142696107685
0.7296598368808435
0.7195477753464624
0.6989589549764604
0.7300245341820835
0.7000198925800676
0.7362575426032757
0.7192493866454479
0.7092036337112924
0.7363570055036138
0.7331741926927923
0.7023406935879584
0.7133147669252702
0.5258603540879252
Reproducing... 50
0.7211723360519859
0.6812877130163782
0.6198527949074994
0.736821165705192
0.7378489490086865
0.7373184802068828
0.739705589814999
0.7314833233870432
0.7362906969033883
0.7135136927259466
0.7300245341820835
0.7300245341820835
0.6926596379550428
0.7218354220542404
