Processing data...
Initializing network...
Search on 'income', 1 nodes, 0.8 thresh, 20 pop size, 3600 search time
Searching...
0.34589881307605597
0.6323851203501094
0.5253961938863471
0.6884821961408395
0.38657913931436905
0.7034016311915655
0.6254890259266627
0.7322127179895233
0.38694383661560905
0.4544459916451164
0.6700152509780518
0.5146542006498243
0.6449837543929448
0.5370996618261389
0.7342682845965122
0.6429281877859558
0.3478549167827067
0.7453086665340495
0.6347722299582256
0.3389364100523838
Reproducing... 20
0.744280883230555
0.698892646376235
0.40899144619057093
0.7163649625356409
0.6500895166103043
0.6537696439228168
0.686857635435316
0.6364630992639745
0.3864796764140309
0.7395066640143226
0.6303958623433459
0.5308666534049467
0.2966978317087726
0.5297062529010013
0.744280883230555
0.6496253564087262
0.6883495789403886
0.6884821961408395
0.7034016311915655
0.7034016311915655
Reproducing... 20
0.5137921888468935
0.5467144088588289
0.6502884424109807
0.7108613487169286
0.6876864929381341
0.6535375638220278
0.6087792586698495
0.7575094489755321
0.29971487301903055
0.6839069027252834
0.5252635766858962
0.6496253564087262
0.5582521052980571
0.7212717989523241
0.5311981964060739
0.6297659306412041
0.3864133678138055
0.689974139645912
0.7388435780120681
0.2966315231085472
Reproducing... 20
0.6538691068231549
0.5458855513560109
0.5467144088588289
0.5481731980637888
0.2967972946091108
0.7234268284596512
0.7452092036337112
0.5252304223857834
0.675054704595186
0.6600689609442345
0.5688946356342418
0.7437504144287514
0.7686492938134076
0.6664345865658776
0.2979908494131689
0.6551289702274385
0.7111265831178304
0.5461176314567999
0.6415688614813341
0.6113321397785293
Reproducing... 20
0.7423247795239043
0.6171009879981434
0.7541277103640343
0.4297128837610238
0.4728134739075658
0.6676612956700484
0.5476427292619853
0.5467144088588289
0.611365294078642
0.660002652344009
0.7405344473178171
0.5624627014123732
0.7686824481135204
0.7208739473509714
0.5338173861149791
0.714674093229892
0.7389761952125191
0.6693190106756847
0.5617664611100059
0.5326238313109211
Reproducing... 20
0.7412306876201843
0.66938531927591
0.660002652344009
0.660002652344009
0.6351037729593528
0.59187056561236
0.7517074464558053
0.5056362310191632
0.6668987467674558
0.7539950931635833
0.7699754658179165
0.53431470061667
0.6273456667329753
0.7530336184603144
0.5547709037862211
0.6156421987931835
0.5338173861149791
0.6732312180889861
0.6860950865327233
0.513129102844639
Reproducing... 20
0.75127644055434
0.7558185796697832
0.6862940123333996
0.505536768118825
0.7324447980903123
0.4509647901332803
0.7052914262979908
0.6074199323652277
0.5548040580863338
0.5336847689145282
0.5589151913003116
0.6650421059611432
0.7681851336118295
0.7495855712485909
0.6529407864199986
0.660002652344009
0.7609906504873682
0.5926662688150653
0.5560307671905046
0.67120880578211
Reproducing... 20
0.7139115443272992
0.5893839931039055
0.6995225780783768
0.3989456932564154
0.3975532126516809
0.7354618394005703
0.7375174060075592
0.6997878124792786
0.7060208209004708
0.7587030037795902
0.6108348252768384
0.5926662688150653
0.6997546581791658
0.7376168689078973
0.7372521716066573
0.47221669650553677
0.7609243418871428
0.7061865924010344
0.6815861017173928
0.7102314170147869
Reproducing... 20
0.6929248723559446
0.7388435780120681
0.7340030501956104
0.598368808434454
0.7102645713148995
0.6944831244612426
0.7443803461308932
0.5979046482328758
0.7266427955705855
0.7264770240700219
0.5979709568331013
0.7317817120880579
0.5865990318944367
0.3970890524501028
0.7372521716066573
0.3978516013526954
0.7337378157947085
0.5002983887010145
0.7548902592666269
0.7414627677209734
Reproducing... 20
0.7315827862873815
0.7443803461308932
0.7488230223459983
0.7173595915390226
0.5985014256349048
0.7103971885153504
0.7354286851004576
0.701544990385253
0.533353225913401
0.6245938598236191
0.7026059279888601
0.736456468403952
0.6885485047410649
0.7369537829056428
0.5900139248060473
0.7326768781911014
0.72657648697036
0.7548902592666269
0.7317817120880579
0.7316159405874942
Reproducing... 20
0.6223725217160666
0.7134142298256084
0.7095020224123069
0.7444798090312313
0.7316159405874942
0.7439161859293151
0.7361249254028247
0.5942908295205889
0.7356607652012466
0.6288376102380479
0.7215701876533387
0.6942841986605662
0.7306876201843379
0.7265101783701347
0.6989589549764604
0.7103971885153504
0.7261454810688946
0.5035143558119488
0.744645580531795
0.7100656455142232
Reproducing... 20
0.7419269279225515
0.7452755122339367
0.7413633048206353
0.6966381539685698
0.7033353225913401
0.7529010012598634
0.744280883230555
0.7357270738014721
0.6217425900139248
0.7099993369139977
0.7304886943836616
0.6144817982892381
0.7454412837345004
0.4080299714873019
0.7095020224123069
0.6287381473377097
0.6214442013129103
0.7422916252237916
0.7207081758504078
0.6678933757708375
Reproducing... 20
0.7416948478217625
0.6125256945825873
0.6964723824680061
0.6214110470127976
0.5175054704595186
0.7213049532524368
0.7099993369139977
0.7095020224123069
0.7452092036337112
0.7453086665340495
0.6510178370134606
0.7412969962204098
0.7468337643392348
0.7422916252237916
0.7419269279225515
0.5952191499237451
0.7469663815396856
0.7378489490086865
0.7202108613487169
0.7303892314833234
Reproducing... 20
0.5952191499237451
0.5952191499237451
0.7034016311915655
0.7222001193554805
0.7099993369139977
0.7378489490086865
0.6938531927591008
0.7223327365559313
0.6810224786154764
0.7394403554140973
0.5941913666202506
0.7208407930508587
0.6261521119289172
0.5063987799217559
0.7176911345401499
0.650255288110868
0.7415622306213115
0.7393077382136463
0.6510178370134606
0.6510178370134606
Reproducing... 20
0.6507194483124461
0.7176911345401499
0.6514156886148134
0.7395398183144354
0.5961474703269014
0.7203103242490551
0.7358596910019229
0.5968768649293813
0.7196140839466879
0.6900736025462503
0.7176911345401499
0.6263841920297063
0.7099993369139977
0.7217359591539022
0.7099993369139977
0.5063987799217559
0.7029374709899874
0.6471387839002719
0.7207081758504078
0.6511504542139115
Reproducing... 20
0.7394072011139845
0.718752072143757
0.39526556594390294
0.751143823353889
0.6610304356475035
0.6422319474835886
0.7358596910019229
0.7370532458059811
0.6744910814932696
0.6174325309992706
0.7349976791989921
0.6803262383131092
0.6502884424109807
0.6514156886148134
0.6510178370134606
0.6048007426563226
0.5529142629799085
0.7006166699820967
0.6507194483124461
0.6506531397122207
Reproducing... 20
0.7259465552682183
0.5584841853988463
0.7009150586831112
0.7336051985942577
0.7370532458059811
0.7359923082023738
0.674325309992706
0.6174325309992706
0.395132948743452
0.6744910814932696
0.7308202373847889
0.6634838538558451
0.7010145215834493
0.7006166699820967
0.6974007028711624
0.7060539752005836
0.6732975266892116
0.7310191631854651
0.6550958159273258
0.5919037199124726
Reproducing... 20
0.6640806312578742
0.6740600755918043
0.7013460645845766
0.5920031828128108
0.592467343014389
0.7213381075525496
0.5581857966978317
0.7060539752005836
0.7324116437901996
0.55682647039321
0.7370532458059811
0.680359392613222
0.5886877528015384
0.6873549499370069
0.558384722498508
0.701544990385253
0.6828459651216763
0.6909024600490684
0.7427226311252569
0.6967044625687951
Reproducing... 20
0.5221802267754128
0.7285988992772363
0.6866587096346396
0.616305284795438
0.7117233605198594
0.6853656919302433
0.564054107817784
0.6798952324116437
0.7018433790862675
0.6737948411909025
0.5613686095086533
0.5913069425104436
0.6732643723890989
0.7220343478549168
0.7430541741263842
0.6971354684702606
0.6916318546515483
0.6863271666335123
0.7167628141369936
0.7438498773290896
Reproducing... 20
0.6353026987600292
0.7475963132418275
0.6963066109674425
0.6052317485577879
0.6800278496120947
0.7004508984815331
0.6143491810887872
0.7037994827929183
0.7191499237451098
0.7010476758835621
0.6732643723890989
0.6728333664876335
0.5383263709303097
0.7431867913268351
0.6766792653007095
0.6632186194549433
0.6566209137325111
0.5910748624096546
0.6869239440355414
0.7008487500828857
Reproducing... 20
0.7395729726145481
0.7201445527484914
0.7286983621775744
0.7526357668589616
0.7335057356939195
0.7136131556262847
0.6847357602281016
0.7101651084145614
0.7215038790531132
0.7340030501956104
0.6353026987600292
0.6870234069358796
0.703832637093031
0.7430541741263842
0.7076122273058816
0.660599429746038
0.6401763808765997
0.6283071414362443
0.6855646177309197
0.7132484583250448
Reproducing... 20
0.7029043166898746
0.7452092036337112
0.704661494595849
0.7355944566010212
0.686857635435316
0.7210728731516478
0.6755188647967642
0.7098335654134341
0.6847357602281016
0.6582123201379219
0.6847357602281016
0.685531463430807
0.6930906438565082
0.7133810755254957
0.7150056362310192
0.7380478748093627
0.7001856640806312
0.7314170147868179
0.7433525628273987
0.7214375704528877
Reproducing... 20
0.6917313175518864
0.7402692129169153
0.7004177441814203
0.7098998740136596
0.7313838604867051
0.7216364962535641
0.7001856640806312
0.704661494595849
0.6778396658046548
0.686492938134076
0.6585770174391619
0.7353623765002321
0.7212386446522114
0.7344672103971885
0.7358265367018102
0.7314833233870432
0.7223327365559313
0.7145414760294411
0.7211060274517604
0.6999204296797295
Reproducing... 20
0.7205755586499569
0.7455407466348385
0.6998872753796167
0.6998872753796167
0.7313838604867051
0.6915655460513228
0.7314833233870432
0.7313838604867051
0.7195146210463497
0.7232279026589749
0.7176579802400371
0.7342019759962867
0.7213712618526623
0.7154034878323718
0.6622571447516743
0.743319408527286
0.7358265367018102
0.722133810755255
0.7092699423115179
0.7103640342152377
Reproducing... 20
0.7117565148199722
0.7069822956037398
0.723095285458524
0.7197467011471388
0.7004508984815331
0.7139778529275247
0.7367880114050792
0.6088455672700749
0.7212386446522114
0.6480671043034282
0.731516477687156
0.7313838604867051
0.7002851269809695
0.7282342019759963
0.6914329288508719
0.6530734036204495
0.7193156952456734
0.7232279026589749
0.6959087593660898
0.7438167230289768
Reproducing... 20
0.7138452357270738
0.7317154034878324
0.7288641336781381
0.7119554406206485
0.7360586168025993
0.7255818579669783
0.7313838604867051
0.731516477687156
0.725979709568331
0.7052582719978782
0.700815595782773
0.7222001193554805
0.7466348385385585
0.5473774948610834
0.6857303892314833
0.7237915257608912
0.7331410383926795
0.7222664279557058
0.7345666732975267
0.7407996817187189
Reproducing... 20
0.7137789271268483
0.719481466746237
0.7290299051787017
0.7221006564551422
0.7467011471387839
0.7237915257608912
0.7188183807439825
0.7467011471387839
0.7495855712485909
0.6898083681453484
0.7318480206882833
0.7212054903520987
0.6857303892314833
0.7314170147868179
0.7035010940919038
0.7468337643392348
0.7127179895232412
0.5464160201578144
0.7261454810688946
0.7314501690869306
Reproducing... 20
0.7210065645514223
0.7462369869372057
0.7190836151448843
0.731284397586367
0.7225648166567203
0.7221006564551422
0.7283668191764472
0.7135136927259466
0.655427358928453
0.7337709700948213
0.7318480206882833
0.7221006564551422
