Processing data...
Initializing network...
Searching...
0.2811484649559048
0.27285988992772364
0.6024136330482064
0.48663881705457196
0.28714939327630795
0.5563954644917446
0.4322326105695909
0.616537364896227
0.3323387043299516
0.3159273257741529
0.2539287845633579
0.3021019826271467
0.6399443007758107
0.35896160732046944
0.3169882633777601
0.4265963795504277
0.5638551820171076
0.6421656388833632
0.4064717193820038
0.5500961474703269
Reproducing... 20
0.7108945030170413
0.2600291757840992
0.49154565347125523
0.4940653802798223
0.3747430541741264
0.2657648697036006
0.47059213580001324
0.5682978582322127
0.645679994695312
0.4308732842649692
0.3456667329752669
0.529739407201114
0.43422186857635436
0.3003116504210596
0.302068828327034
0.3727206418672502
0.6232345335189974
0.36744910814932696
0.614614415489689
0.5509913135733705
Reproducing... 20
0.4305085869637292
0.3610503282275711
0.42818778595583845
0.3077050593461972
0.3721901730654466
0.49452954048140046
0.6108016709767257
0.3041907035342484
0.5915721769113454
0.2840991976659373
0.607519395265566
0.5494993700682979
0.735130296399443
0.5331874544128373
0.5357734898216299
0.551886479676414
0.2658643326039387
0.3674159538492142
0.49184404217226974
0.43080697566474374
Reproducing... 20
0.2978913865128307
0.5792056229692991
0.42964657516079835
0.7357270738014721
0.3540879252038989
0.542735892845302
0.5340494662157682
0.42788939725482394
0.5283469265963795
0.5508255420728069
0.7182547576420661
0.41867250182348653
0.4763278297195146
0.3366487633446058
0.6552615874278894
0.4397917909952921
0.4258006763477223
0.6743916185929315
0.596313241827465
0.4373383727869505
Reproducing... 20
0.332172932829388
0.6431271135866322
0.4531861282408328
0.46694516278761355
0.559710894503017
0.6578144685365692
0.43690736688548504
0.4954910151846694
0.45792719315695246
0.42493866454479146
0.6609972813473908
0.37510775147536635
0.427160002652344
0.5710828194416816
0.41651747231615943
0.4288840262582057
0.43641005238379416
0.43080697566474374
0.596313241827465
0.5984019627345667
Reproducing... 20
0.5612691466083151
0.369372057555865
0.4686028777932498
0.4943306146807241
0.7166301969365426
0.372985876268152
0.5989987401365957
0.5089516610304357
0.4159870035143558
0.6614282872488562
0.5665075260261256
0.41787679862078114
0.6712751143823353
0.5443604535508255
0.46840395199257345
0.6024799416484318
0.4950268549830913
0.6566872223327366
0.3320403156289371
0.4578277302566143
Reproducing... 20
0.665307340362045
0.3458656587759432
0.4466215768185134
0.47125522180226775
0.495789403885684
0.7156024136330482
0.46744247728930444
0.599927060539752
0.5663086002254493
0.6565877594323983
0.47811816192560175
0.4950268549830913
0.5494662157681851
0.6614945958490817
0.6542338041243949
0.5181685564617731
0.6241960082222664
0.6566872223327366
0.6266494264306081
0.6241960082222664
Reproducing... 20
0.6666003580664412
0.4940653802798223
0.656156753530933
0.661328824348518
0.5931635833167562
0.714906173330681
0.6288707645381606
0.6578807771367946
0.5956501558252105
0.6604999668456999
0.6251906372256482
0.6567866852330747
0.653504409521915
0.5163450699555733
0.4669120084875008
0.4746369604137657
0.6241960082222664
0.6245275512233937
0.3592931503215967
0.7050593461972018
Reproducing... 20
0.5151846694516279
0.7077779988064452
0.474239108812413
0.6296333134407532
0.7052914262979908
0.6614945958490817
0.6756183276971023
0.4846164047476958
0.7071480671043034
0.35906107022080763
0.6288707645381606
0.6074530866653405
0.5163450699555733
0.6535375638220278
0.4599827597639414
0.7071812214044162
0.6903056826470393
0.5664412174259001
0.6442212054903521
0.7061865924010344
Reproducing... 20
0.5662422916252238
0.3587958358199058
0.7052914262979908
0.6074530866653405
0.7030369338903256
0.7132484583250448
0.7200119355480405
0.6756183276971023
0.629666467740866
0.7075459187056561
0.703103242490551
0.47702407002188185
0.5405477090378622
0.6885153504409522
0.7063523639015981
0.6827133479212254
0.6305616338439095
0.6756183276971023
0.6430939592865195
0.6617266759498707
Reproducing... 20
0.6827133479212254
0.7132484583250448
0.6592069491413036
0.4479145945229096
0.6892115907433194
0.5403819375372986
0.5405477090378622
0.7119554406206485
0.6755851733969895
0.6756183276971023
0.701180293084013
0.7081426961076852
0.7046283402957364
0.6430939592865195
0.701544990385253
0.7120880578210994
0.6794642265101783
0.7030369338903256
0.6555599761289039
0.3934420794377031
Reproducing... 20
0.7104634971155759
0.6669650553676811
0.7076785359061071
0.6434918108878721
0.711889132020423
0.7030037795902129
0.6551952788276639
0.6136860950865327
0.7046283402957364
0.7046283402957364
0.6995557323784894
0.7053577348982163
0.6993568065778132
0.676016179298455
0.6425966447848286
0.7120880578210994
0.5782773025661428
0.6969033883694715
0.6954777534646244
0.7076785359061071
Reproducing... 20
0.6568529938333002
0.6992904979775877
0.676016179298455
0.7053577348982163
0.5782773025661428
0.6434586565877595
0.7076785359061071
0.6425966447848286
0.6717061202838008
0.704661494595849
0.7120880578210994
0.6890789735428685
0.6962071480671043
0.7098667197135469
0.6669650553676811
0.6969033883694715
0.4164843180160467
0.7260791724686692
0.7120880578210994
0.676016179298455
Reproducing... 20
0.7072143757045288
0.6579470857370201
0.5586831111995226
0.710562960015914
0.6772428884026258
0.6887142762416285
0.7008819043829985
0.671805583184139
0.6753199389960878
0.7126848352231284
0.7063855182017108
0.7047278031960745
0.7002519726808567
0.7064849811020489
0.6634175452556197
0.7137789271268483
0.6755188647967642
0.6759830249983423
0.7075790730057688
0.6945494330614681
Reproducing... 20
0.6732643723890989
0.6964392281678934
0.6753530932962005
0.712485909422452
0.7124527551223394
0.7020754591870566
0.7022080763875075
0.6746568529938333
0.675286784695975
0.7074133015052052
0.6892115907433194
0.6485644188051191
0.6852662290299052
0.717193820038459
0.6851004575293416
0.7063192096014853
0.6772428884026258
0.6758835620980042
0.7021086134871692
0.6743584642928188
Reproducing... 20
0.6773423513029639
0.6986937205755587
0.6429281877859558
0.7165307340362045
0.684205291426298
0.7089715536105032
0.6933227239572972
0.7053245805981035
0.7022080763875075
0.7063192096014853
0.6891784364432066
0.6485644188051191
0.7095351767124196
0.6757177905974405
0.6728333664876335
0.6743584642928188
0.6796963066109675
0.6471056296001592
0.710562960015914
0.643160267886745
Reproducing... 20
0.6855646177309197
0.6771102712021749
0.6749552416948478
0.6525760891187588
0.6888800477421921
0.7119554406206485
0.6989589549764604
0.7021086134871692
0.6767455739009349
0.711889132020423
0.6442875140905775
0.6418009415821232
0.7015781446853657
0.6940521185597772
0.6772428884026258
0.6574497712353292
0.7013460645845766
0.6732975266892116
0.7103971885153504
0.7120549035209867
Reproducing... 20
0.7074796101054307
0.7050593461972018
0.644353822690803
0.701180293084013
0.7136131556262847
0.7010145215834493
0.6700484052781646
0.7082421590080233
0.7106292686161395
0.6730654465884225
0.7122206750215503
0.7008487500828857
0.6734301438896625
0.6986937205755587
0.7052582719978782
0.6739274583913534
0.6415357071812214
0.7127179895232412
0.6915655460513228
0.6723692062860553
Reproducing... 20
0.6701478681785028
0.645679994695312
0.704661494595849
0.709734102513096
0.6735296067900006
0.7091041708109542
0.7181884490418408
0.7041641800941583
0.6854983091306942
0.6741926927922551
0.7195809296465752
0.7127179895232412
0.6445859027915921
0.705755586499569
0.6736622239904516
0.6969033883694715
0.6739606126914661
0.658444400238711
0.6862277037331742
0.6784032889065712
Reproducing... 20
0.6463099263974538
0.6711424971818845
0.6784032889065712
0.6696505536768119
0.6730654465884225
0.7070486042039652
0.6845699887275379
0.7124527551223394
0.644950600092832
0.7087063192096015
0.7145083217293283
0.6497579736091771
0.7091704794111796
0.6739606126914661
0.6732643723890989
0.709966182613885
0.7163649625356409
0.7212386446522114
0.593428817717658
0.6944168158610172
Reproducing... 20
0.7099993369139977
0.6463762349976792
0.7094688681121941
0.698163251773755
0.674093229891917
0.7125190637225648
0.6505205225117697
0.6435249651879849
0.7073469929049798
0.7091704794111796
0.6724686691863935
0.6444532855911411
0.6483654930044427
0.721769113454015
0.7066507526026126
0.6761487964989059
0.6391485975731053
0.6830448909223527
0.7068828327034016
0.6735296067900006
Reproducing... 20
0.6455473774948611
0.5791724686691864
0.6740269212916915
0.6740600755918043
0.6465420064982428
0.7080763875074597
0.7099993369139977
0.6765134938001459
0.6483654930044427
0.6433260393873085
0.6712419600822227
0.6490617333068099
0.7045288773953982
0.7111265831178304
0.6215768185133612
0.6762814136993568
0.7059213580001327
0.708640010609376
0.7022080763875075
0.6551952788276639
Reproducing... 20
0.6715071944831245
0.6953119819640607
0.6436575823884357
0.6551952788276639
0.6742258470923679
0.7097009482129832
0.5791724686691864
0.5791724686691864
0.6401763808765997
0.7125522180226775
0.6775744314037531
0.7022080763875075
0.6465420064982428
0.7166301969365426
0.5702871162389762
0.7086068563092633
0.6485312645050063
0.6463762349976792
0.6489622704064717
0.709966182613885
Reproducing... 20
0.5702871162389762
0.6551952788276639
0.7097009482129832
0.6553610503282276
0.6795968437106292
0.7071480671043034
0.6712751143823353
0.7131821497248193
0.6546648100258603
0.5668390690272528
0.6773091970028513
0.6717392745839136
0.6886811219415158
0.6729659836880844
0.6487301903056827
0.6416351700815596
0.5798687089715536
0.7083747762084742
0.6868244811352032
0.6595384921424309
Reproducing... 20
0.6546648100258603
0.6416351700815596
0.6837411312247198
0.6885816590411776
0.7081095418075725
0.6463430806975665
0.5204230488694384
0.6314899542470659
0.5951859956236324
0.6799615410118692
0.6742258470923679
0.6337112923546184
0.7132484583250448
0.6558915191300312
0.7071149128041907
0.6554936675286784
0.614979112790929
0.683111199522578
0.6503547510112061
0.6559578277302566
Reproducing... 20
0.6333465950533784
0.6888468934420794
0.6594390292420927
0.7051256547974273
0.5745971752536304
0.7043299515947218
0.6499568994098535
0.6882832703401631
0.6875870300377959
0.6682249187719648
0.6556262847291293
0.6525760891187588
0.6810224786154764
0.6888468934420794
0.6559578277302566
0.6463762349976792
0.6885816590411776
0.6885816590411776
0.7130495325243684
0.6340428353557457
Reproducing... 20
0.6888468934420794
0.709601485312645
0.6086466414693986
0.6774749685034149
0.6336449837543929
0.6381871228698363
0.7083084676082488
0.6843710629268616
0.7070154499038526
0.6539022611232677
0.6745242357933824
0.6565546051322857
0.6504542139115443
0.6516809230157151
0.7057224321994563
0.6875870300377959
0.600291757840992
0.712618526622903
0.6579139314369074
0.6823818049200981
Reproducing... 20
0.6817187189178436
0.6395464491744579
0.5948544526225051
0.6829454280220144
0.7093362509117432
0.7127179895232412
0.712618526622903
0.6504542139115443
0.5719779855447251
0.7120217492208739
0.6873217956368941
0.6888468934420794
0.6873217956368941
0.7078443074066706
0.7082421590080233
0.7070154499038526
0.6558915191300312
0.6592069491413036
0.6877528015383595
0.6886811219415158
Reproducing... 20
0.5948544526225051
0.5948544526225051
0.7068496784032889
0.6830448909223527
0.7052251176977654
0.712850606723692
0.7042967972946091
0.654101186923944
0.7146077846296665
0.6839069027252834
0.6873217956368941
0.7122869836217758
0.6381871228698363
0.7119885949207613
0.7079437703070088
0.6569856110337511
0.7132816126251574
0.571149128041907
0.683243816723029
0.6817187189178436
Reproducing... 20
0.6830448909223527
0.6832106624229163
0.7097672568132086
0.6428950334858431
0.7079769246071216
0.7102314170147869
0.7146077846296665
0.6832106624229163
0.7120549035209867
0.6540348783237185
0.6343743783568729
0.6878522644386977
0.7124527551223394
0.7142430873284265
0.7039652542934819
0.5948876069226179
0.700815595782773
0.6430939592865195
0.5967774020290432
0.687089715536105
Reproducing... 20
0.6568198395331875
0.7066507526026126
0.687222332736556
0.7140441615277502
0.6540348783237185
0.6541343412240568
0.700815595782773
0.7102314170147869
0.7146077846296665
0.6832106624229163
0.7131821497248193
0.7142430873284265
0.5931304290166435
0.7079769246071216
0.634606458457662
0.7141767787282011
0.6741926927922551
0.700815595782773
0.7166301969365426
0.6375903454678071
Reproducing... 20
0.7100324912141105
0.6591406405410781
0.5932298919169816
0.6538027982229295
0.7143425502287647
0.6830448909223527
0.7143425502287647
0.5938266693190106
0.6821165705191964
0.7147735561302301
0.687222332736556
0.7079769246071216
0.6564551422319475
0.7145746303295537
0.7080100789072342
0.7102314170147869
0.7002519726808567
0.6814866388170546
0.7042304886943836
0.6919965519527883
Reproducing... 20
0.6770439626019494
0.6759498706982295
0.6111332139778529
0.6520124660168424
0.708043233207347
0.6589085604402891
0.7144088588289901
0.5838472249850806
0.7080100789072342
0.7080100789072342
0.6588754061401764
0.7027053908891984
0.714309395928652
0.7147735561302301
0.6829454280220144
0.680956170015251
0.7143425502287647
0.700583515681984
0.713580001326172
0.584642928187786
Reproducing... 20
0.7141436244280883
0.5856707114912805
0.6587096346396127
0.6815861017173928
0.7094357138120815
0.668423844572641
0.7143425502287647
0.7135468470260593
0.6916981632517738
0.6351037729593528
0.7143757045288774
0.7144088588289901
0.7009150586831112
0.7195809296465752
0.6977654001724024
0.712485909422452
0.7143425502287647
0.7092367880114051
0.658444400238711
0.5838472249850806
Reproducing... 20
0.7137457728267357
0.6656057290630595
0.7145746303295537
0.668423844572641
0.6590743319408527
0.6976659372720642
0.7100656455142232
0.7036668655924674
0.7077116902062197
0.7143425502287647
0.6999535839798422
0.7144751674292156
0.7144420131291028
0.7189841522445461
0.7186194549433061
0.694317352960679
0.6687222332736555
0.6520456203169551
0.7344672103971885
0.7094357138120815
Reproducing... 20
0.7339367415953849
0.7374842517074465
0.7057887407996817
0.7144751674292156
0.7055898149990054
0.7136463099263974
0.7095351767124196
0.7079769246071216
0.7143425502287647
0.7344672103971885
0.6691863934752338
0.6589748690405145
0.6663351236655394
0.6990915721769113
0.6690537762747828
0.7141104701279756
0.7142762416285392
0.7140110072276374
0.7144420131291028
0.7144751674292156
Reproducing... 20
0.6493932763079371
0.7141767787282011
0.7110271202174923
0.7145414760294411
0.7407002188183808
0.7047278031960745
0.6607983555467144
0.7150387905311318
0.7144088588289901
0.7058218950997944
0.7143425502287647
0.7095351767124196
0.7143757045288774
0.7144751674292156
0.704661494595849
0.7022412306876202
0.737417943107221
0.714309395928652
0.725382932166302
0.7082753133081361
Reproducing... 20
0.7120880578210994
0.7085405477090378
0.7142430873284265
0.7143425502287647
0.6576818513361183
0.7077116902062197
0.7143425502287647
0.7141767787282011
0.7182216033419534
0.6973343942709369
0.7141767787282011
0.712618526622903
0.704661494595849
0.704661494595849
0.7109608116172668
0.7058218950997944
0.714906173330681
0.7405012930177044
0.714674093229892
0.6300643193422187
Reproducing... 20
0.7111597374179431
0.708407930508587
0.7126516809230157
0.7066507526026126
0.7143425502287647
0.7143425502287647
0.7067170612028381
0.7075790730057688
0.7408328360188317
0.714309395928652
0.7058218950997944
0.7143425502287647
0.7112260460181685
0.7054571977985544
0.7143425502287647
0.7233936741595385
0.704661494595849
0.7143425502287647
0.7078774617067833
0.7150719448312446
Reproducing... 20
0.7140441615277502
0.7226642795570586
0.7153703335322591
0.7140110072276374
0.7163649625356409
0.7110602745176049
0.7150387905311318
0.7077779988064452
0.7075127644055434
0.7111597374179431
0.7143425502287647
0.7143425502287647
0.7408328360188317
0.7111597374179431
0.7195146210463497
0.6996551952788277
0.7064849811020489
0.7068828327034016
0.7143757045288774
0.7083416219083615
Reproducing... 20
0.7143757045288774
0.723095285458524
0.6710430342815463
0.7143757045288774
0.7150387905311318
0.7207413301505206
0.7405012930177044
0.7147072475300047
0.713215304024932
0.7144088588289901
0.710927657317154
0.629666467740866
0.7141104701279756
0.7110271202174923
0.7141104701279756
0.7195146210463497
0.7225979709568331
0.714309395928652
0.7143425502287647
0.7140441615277502
Reproducing... 20
0.7172601286386845
0.7189841522445461
0.7129500696240303
0.7150719448312446
0.7144420131291028
0.7140441615277502
0.7149724819309065
0.7205424043498442
0.722730588157284
0.7140773158278628
0.7142099330283138
0.7111597374179431
0.7163649625356409
0.7138452357270738
0.714309395928652
0.7141104701279756
0.7147072475300047
0.7145083217293283
0.67120880578211
0.7207081758504078
Reproducing... 20
0.7145083217293283
0.7172601286386845
0.7140441615277502
0.712850606723692
0.7137457728267357
0.7147072475300047
0.7149393276307937
0.7145083217293283
0.7190173065446589
0.7149724819309065
0.7145083217293283
0.7150056362310192
0.7231947483588621
0.7205424043498442
0.7189841522445461
0.7189841522445461
0.6940521185597772
0.7218354220542404
0.719348849545786
0.7156687222332736
Reproducing... 20
0.7202108613487169
0.7162986539354155
0.7141767787282011
0.6937868841588755
0.7144420131291028
0.7134142298256084
0.7142762416285392
0.7153040249320337
0.697566474371726
0.719481466746237
0.7178569060407135
0.7149393276307937
0.7173264372389099
0.715270870631921
0.7140441615277502
0.7229295139579603
0.7191499237451098
0.7209071016510842
0.712850606723692
0.7231947483588621
Reproducing... 20
0.7191499237451098
0.7140441615277502
0.71586764803395
0.719348849545786
0.7151382534314701
0.7212386446522114
0.6908693057489557
0.7142099330283138
0.729361448179829
0.719481466746237
0.6610635899476162
0.7173927458391354
0.7190173065446589
0.6999535839798422
0.7178569060407135
0.7139778529275247
0.7198793183475897
0.7162654996353027
0.7203434785491678
0.7150387905311318
Reproducing... 20
0.7189509979444334
0.7142762416285392
0.7158344937338372
0.7185531463430807
0.7203434785491678
0.6997215038790531
0.7180889861415025
0.7193156952456734
0.7197467011471388
0.69335587825741
0.708043233207347
0.7196803925469133
0.7139778529275247
0.7140441615277502
0.6999204296797295
0.7163981168357536
0.7246866918639348
0.7148398647304556
0.7141104701279756
0.7150719448312446
Reproducing... 20
0.7121212121212122
0.7185531463430807
0.7249850805649493
0.719348849545786
0.6994562694781513
0.7152045620316955
0.7207744844506333
0.7193156952456734
0.7187189178436443
0.7191499237451098
0.6997215038790531
0.7156024136330482
0.7205424043498442
0.7244546117631456
0.7194483124461243
0.71659704263643
0.7140110072276374
0.7130163782242557
0.7152045620316955
0.6935548040580863
Reproducing... 20
0.7204760957496187
0.724653537563822
0.7195477753464624
0.723692062860553
0.7192493866454479
0.7202108613487169
0.714309395928652
0.7107618858165904
0.7184868377428553
0.7249519262648365
0.7193820038458988
0.7193156952456734
0.7159008023340627
0.713580001326172
0.7120880578210994
0.7131158411245938
0.7140110072276374
0.7205424043498442
0.7161328824348518
0.7156687222332736
Reproducing... 20
0.7184536834427425
0.7199787812479278
0.7206087129500697
0.7199124726477024
0.7205755586499569
0.7152045620316955
0.7192493866454479
0.7202108613487169
0.7195477753464624
0.7195477753464624
0.7182879119421789
0.7238246800610039
0.7137789271268483
0.7249519262648365
0.7159008023340627
0.7219680392546913
0.713580001326172
0.7193156952456734
0.7201113984483788
0.7226974338571712
Reproducing... 20
0.7202108613487169
0.7205755586499569
0.7404681387175917
0.7173595915390226
0.7171275114382335
0.7185863006431934
0.7172269743385717
0.7205755586499569
0.7184536834427425
0.7199124726477024
0.7182879119421789
0.7192493866454479
0.7225648166567203
0.7205424043498442
0.7191830780452224
0.7240236058616802
0.7184536834427425
0.7188846893442079
0.7184205291426298
0.7142762416285392
Reproducing... 20
0.7154034878323718
0.7457396724355149
0.7199124726477024
0.7205424043498442
0.7136794642265102
0.7228632053577349
0.7205755586499569
0.7172269743385717
0.7191830780452224
0.7205424043498442
0.7182216033419534
0.7226974338571712
0.725382932166302
0.7124196008222267
0.7178237517406008
0.7198461640474769
0.714906173330681
0.7211060274517604
0.7184205291426298
0.7404681387175917
Reproducing... 20
0.7155361050328227
0.7274716530734037
0.7176579802400371
0.7201113984483788
0.7198461640474769
0.7205755586499569
0.723459982759764
0.7192825409455607
0.7148398647304556
0.7466348385385585
0.7192825409455607
0.7198793183475897
0.7199124726477024
0.7178237517406008
0.719481466746237
0.7335057356939195
0.718519992042968
0.7185531463430807
0.7203434785491678
0.7200450898481533
Reproducing... 20
0.7154366421324846
0.7177242888402626
0.7483588621444202
0.6856640806312578
0.7274716530734037
0.7179232146409389
0.7192825409455607
0.7198793183475897
0.7197467011471388
0.7150387905311318
0.7191830780452224
0.7189509979444334
0.7277368874743054
0.7181221404416153
0.7136794642265102
0.7211391817518732
0.7223327365559313
0.7142762416285392
0.722133810755255
0.7160997281347391
Reproducing... 20
0.7138120814269611
0.7204760957496187
0.7223658908560441
0.722133810755255
0.7189178436443207
0.7135136927259466
0.7283005105762217
0.739705589814999
0.7210065645514223
0.7180889861415025
0.7192825409455607
0.7114912804190704
0.7180889861415025
0.7192493866454479
0.724056760161793
0.7205424043498442
0.7229626682580731
0.7131821497248193
0.7211391817518732
0.7197467011471388
Reproducing... 20
0.7137126185266229
0.7129500696240303
0.712850606723692
0.7242556859624694
0.7202440156488297
0.718155294741728
0.7135136927259466
0.7204760957496187
0.7232279026589749
0.7206750215502951
0.7194483124461243
0.7211723360519859
0.7204097871493933
0.712850606723692
0.7196803925469133
0.7186194549433061
0.7283005105762217
0.7192493866454479
0.7131821497248193
0.7131821497248193
Reproducing... 20
0.7180558318413899
0.7301571513825343
0.7298587626815198
0.717193820038459
0.712850606723692
0.7159008023340627
0.7202108613487169
0.7121212121212122
0.7128174524235793
0.7131489954247066
0.7124196008222267
0.7139446986274119
0.7131489954247066
0.719348849545786
0.7108281944168159
0.7204760957496187
0.7196803925469133
0.7204097871493933
0.7212717989523241
0.714309395928652
Reproducing... 20
0.7102314170147869
0.719348849545786
0.7171275114382335
0.7130826868244812
0.7179895232411644
0.7197467011471388
0.7121212121212122
0.7301571513825343
0.7204760957496187
0.7089715536105032
0.7137126185266229
0.7298256083814071
0.7190173065446589
0.7299913798819707
0.7170943571381209
0.7158344937338372
0.7197798554472515
0.7130163782242557
0.718387374842517
0.7136131556262847
Reproducing... 20
0.7213049532524368
0.7274384987732909
0.7192493866454479
0.7136794642265102
0.7107287315164776
0.7109939659173795
0.7158344937338372
0.7158344937338372
0.7141104701279756
0.7360917711027121
0.7179895232411644
0.7301571513825343
0.7205092500497314
0.7194483124461243
0.7468337643392348
0.7197467011471388
0.7214707247530004
0.7133479212253829
0.7170612028380081
0.7211060274517604
Reproducing... 20
0.7160334195345136
0.7367880114050792
0.7127511438233539
0.7160665738346264
0.7130163782242557
0.7205092500497314
0.7277700417744182
0.7470658444400239
0.6984947947748823
0.7216696505536768
0.7198793183475897
0.7120880578210994
0.6958092964657516
0.7212717989523241
0.7197798554472515
0.717790597440488
0.7306876201843379
0.718519992042968
0.7135136927259466
0.71623234533519
Reproducing... 20
0.7243883031629202
0.7149724819309065
0.7152045620316955
0.7210065645514223
0.7134473841257211
0.7159671109342882
0.7231615940587495
0.7406007559180425
0.7250513891651748
0.7321795636894105
0.7186194549433061
0.730919700285127
0.7244877660632584
0.7177242888402626
0.7196803925469133
0.717790597440488
0.7152045620316955
0.7212717989523241
0.7171606657383462
0.7357270738014721
Reproducing... 20
0.7211391817518732
0.7198793183475897
0.717790597440488
0.7149724819309065
0.740667064518268
0.7131821497248193
0.7134473841257211
0.7134473841257211
0.718155294741728
0.7180226775412771
0.7187852264438698
0.7178569060407135
0.7200119355480405
0.7146409389297792
0.7206418672501823
0.7356276109011339
0.7391419667130826
0.718752072143757
0.71623234533519
0.7370532458059811
Reproducing... 20
0.7134473841257211
0.7212054903520987
0.7168954313374445
0.7222001193554805
0.7464027584377694
0.7134805384258338
0.7117565148199722
0.7195146210463497
0.7206087129500697
0.7166633512366554
0.7148730190305682
0.7161328824348518
0.7183542205424044
0.71659704263643
0.7155692593329355
0.7137789271268483
0.7294940653802798
0.7180226775412771
0.7198793183475897
0.7175253630395863
Reproducing... 20
0.7212717989523241
0.7464027584377694
0.7206087129500697
0.7176579802400371
0.7164312711358664
0.717193820038459
0.7178900603408263
0.707081758504078
0.7386446522113919
0.7148730190305682
0.7168954313374445
0.7129832239241429
0.7132816126251574
0.7098998740136596
0.717193820038459
0.7245872289635966
0.7183542205424044
0.7175253630395863
0.7226642795570586
0.7405676016179299
Reproducing... 20
0.7099330283137723
0.7386446522113919
0.7176911345401499
0.7167296598368809
0.7166633512366554
0.7183542205424044
0.7225648166567203
0.71659704263643
0.7315496319872687
0.722730588157284
0.7378157947085737
0.7209734102513096
0.7155361050328227
0.7465022213381075
0.7404681387175917
0.7235925999602149
0.709601485312645
0.7162654996353027
0.7431204827266097
0.717425900139248
Reproducing... 20
0.7457728267356276
0.7243551488628075
0.7434188714276242
0.7174922087394735
0.7396392812147735
0.7213381075525496
0.7198461640474769
0.7367548571049665
0.7179232146409389
0.7140110072276374
0.7098335654134341
0.7170612028380081
0.7407333731184935
0.7022743849877329
0.7174590544393608
0.7164975797360917
0.7171606657383462
0.7157681851336118
0.7182547576420661
0.7100987998143359
Reproducing... 20
0.71623234533519
0.7304223857834361
0.7211723360519859
0.7169285856375572
0.709966182613885
0.7164975797360917
0.7127511438233539
0.722133810755255
0.7174590544393608
0.7176248259399244
0.7172932829387971
0.7404681387175917
0.7140110072276374
0.7243551488628075
0.7022412306876202
0.7098335654134341
0.7141767787282011
0.7405676016179299
0.7098335654134341
0.7174922087394735
Reproducing... 20
0.733804124394934
0.710330879915125
0.7098667197135469
0.709966182613885
0.6947483588621444
0.7203766328492806
0.7405344473178171
0.7047609574961873
0.7226642795570586
0.7123864465221139
0.7150387905311318
0.7180889861415025
0.7153040249320337
0.7117565148199722
0.7171606657383462
0.7130826868244812
0.7211723360519859
0.7127511438233539
0.7127179895232412
0.7176248259399244
Reproducing... 20
0.7224653537563822
0.7150387905311318
0.7029706252901001
0.719116769444997
0.7149724819309065
0.7396724355148863
0.7153040249320337
0.7131489954247066
0.7190836151448843
0.7110271202174923
0.7224321994562695
0.6889795106425304
0.6935548040580863
0.7192162323453352
0.7160002652344009
0.7201445527484914
0.717425900139248
0.7224653537563822
0.7121543664213248
0.722730588157284
Reproducing... 20
0.7134805384258338
0.708772627809827
0.7058882037000199
0.7215038790531132
0.7210065645514223
0.7183210662422916
0.707811153106558
0.7222001193554805
0.6956766792653007
0.7173595915390226
0.7124527551223394
0.7154366421324846
0.7029706252901001
0.717425900139248
0.7110271202174923
0.722730588157284
0.7195477753464624
0.7180889861415025
0.6948146674623699
0.696604999668457
Reproducing... 20
0.7219017306544658
0.7146409389297792
0.7232279026589749
0.6974670114713878
0.7195477753464624
0.707811153106558
0.695875605065977
0.7216364962535641
0.718387374842517
0.7172932829387971
0.7192825409455607
0.7153371792321465
0.7160002652344009
0.71659704263643
0.7196803925469133
0.7226642795570586
0.6974007028711624
0.731516477687156
0.7055566606988927
0.7089715536105032
Reproducing... 20
0.6923612492540282
0.7163649625356409
0.7202108613487169
0.7205424043498442
0.7188846893442079
0.7220011935548041
0.7188183807439825
0.7149724819309065
0.7006498242822095
0.7136463099263974
0.718387374842517
0.7219017306544658
0.7181221404416153
0.7216364962535641
0.7160334195345136
0.7222995822558186
0.7329752668921159
0.7177242888402626
0.6895431337444466
0.7227968967575095
Reproducing... 20
0.7177242888402626
0.7177242888402626
0.7186194549433061
0.6920297062529011
0.7219017306544658
0.7270074928718254
0.718752072143757
0.7215370333532259
0.7135468470260593
0.733074729792454
0.7112260460181685
0.7188515350440953
0.7165307340362045
0.7215370333532259
0.7307539287845634
0.7226642795570586
0.7149724819309065
0.7202108613487169
0.7226642795570586
0.7202771699489424
Reproducing... 20
0.7203766328492806
0.7174590544393608
0.7146077846296665
0.7206750215502951
0.7188846893442079
0.7174590544393608
0.7218354220542404
0.7274053444731782
0.733074729792454
0.7147404018301173
0.7206087129500697
0.7212054903520987
0.7149724819309065
0.7219680392546913
0.7191499237451098
0.7151714077315828
0.7270074928718254
0.7226642795570586
0.6869902526357669
0.7199456269478152
Reproducing... 20
0.7201113984483788
0.7175916716398116
0.6758504077978914
0.7275048073735163
0.7325774152907633
0.7147404018301173
0.7159008023340627
0.7329752668921159
0.7217028048537896
0.7144088588289901
0.7229295139579603
0.682514422120549
0.7246866918639348
0.6873217956368941
0.6898415224454612
0.7201777070486042
0.728996750878589
0.7170943571381209
0.7225648166567203
0.7181884490418408
Reproducing... 20
0.7268085670711492
0.7336715071944832
0.7134142298256084
0.735130296399443
0.7247198461640475
0.7171606657383462
0.7293946024799417
0.7115907433194085
0.7048272660964127
0.720442941449506
0.7145746303295537
0.7290630594788144
0.7220011935548041
0.710927657317154
0.6864266295338506
0.7199456269478152
0.7153703335322591
0.7270074928718254
0.7275048073735163
0.7144088588289901
Reproducing... 20
0.7265433326702473
0.7274053444731782
0.7094688681121941
0.7290630594788144
0.7247198461640475
0.7267091041708109
0.7336715071944832
0.711524434719183
0.7174922087394735
0.7475631589417148
0.6749883959949605
0.6863934752337378
0.7285988992772363
0.7134473841257211
0.7174922087394735
0.7147404018301173
0.7144088588289901
0.7144088588289901
0.7201113984483788
0.7337046614945959
Reproducing... 20
0.7094688681121941
0.7201113984483788
0.6940521185597772
0.7144088588289901
0.7143757045288774
0.717558517339699
0.7110934288177176
0.7273390358729527
0.7469995358397984
0.7247198461640475
0.7159008023340627
0.7153703335322591
0.7486572508454347
0.7156687222332736
0.7330084211922286
0.7405344473178171
0.7010476758835621
0.7094025595119687
0.6756183276971023
0.7293946024799417
Reproducing... 20
0.7326768781911014
0.7405676016179299
0.7212054903520987
0.7183210662422916
0.6953119819640607
0.697931171672966
0.7168954313374445
0.7424242424242424
0.6983953318745442
0.7424573967243552
0.7330084211922286
0.7143757045288774
0.7130163782242557
0.7091373251110669
0.7201777070486042
0.718519992042968
0.7295272196803926
0.7466348385385585
0.6939858099595517
0.6938200384589881
Reproducing... 20
0.7401365957164644
0.7130163782242557
0.7425237053245806
0.7329421125920031
0.739340892513759
0.7424242424242424
0.7193820038458988
0.696969696969697
0.7329089582918905
0.7128837610238048
0.7424573967243552
0.7264770240700219
0.6978317087726278
0.6955772163649625
0.7131821497248193
0.7401034414163516
0.6947483588621444
0.7307207744844506
0.719348849545786
0.696969696969697
Reproducing... 20
0.696969696969697
0.696969696969697
0.7161660367349645
0.7161328824348518
0.7392414296134209
0.7131821497248193
0.7193820038458988
0.7319474835886215
0.696969696969697
0.696969696969697
0.7203766328492806
0.7030700881904383
0.6947483588621444
0.6947815131622571
0.6946157416616935
0.68155294741728
0.7331078840925668
0.6953451362641735
0.6980306345733042
0.7109608116172668
Reproducing... 20
0.6950799018632716
0.6948809760625954
0.673363835289437
0.6997215038790531
0.7185863006431934
0.6963729195676679
0.7076785359061071
0.6989921092765732
0.694914130362708
0.7315827862873815
0.713215304024932
0.7283668191764472
0.6814203302168291
0.6971686227703733
0.6790995292089383
0.6971686227703733
0.72730588157284
0.6843710629268616
0.7131821497248193
0.7331078840925668
Reproducing... 20
0.6982295603739805
0.6904714541476029
0.6909024600490684
0.7331410383926795
0.7131821497248193
0.7209734102513096
0.6818181818181818
0.6622571447516743
0.7266427955705855
0.7181884490418408
0.713215304024932
0.6951793647636099
0.7179232146409389
0.6773755056030767
0.6732312180889861
0.6804257012134474
0.732842649691665
0.7328758039917778
0.6913334659505338
0.7397718984152245
Reproducing... 20
0.7130826868244812
0.7297592997811816
0.7206750215502951
0.6974338571712752
0.7266427955705855
0.7278363503746436
0.7076453816059943
0.7228300510576222
0.7329089582918905
0.6816192560175055
0.6999535839798422
0.7160334195345136
0.6896094423446721
0.6992904979775877
0.7278363503746436
0.7348982162986539
0.6773091970028513
0.6953451362641735
0.6945494330614681
0.6950799018632716
Reproducing... 20
0.7329752668921159
0.7165638883363172
0.7315496319872687
0.7208076387507459
0.7168622770373317
0.7163318082355281
0.728632053577349
0.6973012399708242
0.6979643259730787
0.7332405012930177
0.6976327829719514
0.6996883495789404
0.6999535839798422
0.6945494330614681
0.6826801936211127
0.6936211126583118
0.7151382534314701
0.7022743849877329
0.6974338571712752
0.696969696969697
Reproducing... 20
0.7330415754923414
0.7168622770373317
0.7313175518864796
0.6992904979775877
0.7201113984483788
0.6878522644386977
0.6998872753796167
0.6978648630727405
0.6875870300377959
0.730322922883098
0.729958225581858
0.7170612028380081
0.7052914262979908
0.7136131556262847
0.6976327829719514
0.7088389364100524
0.697566474371726
0.71659704263643
0.7023738478880711
0.733207346992905
Reproducing... 20
0.6929580266560573
0.7021086134871692
0.7012797559843512
0.6952456733638352
0.7052582719978782
0.7333399641933559
0.6879185730389231
0.7226642795570586
0.7029706252901001
0.7170612028380081
0.7313175518864796
0.7088389364100524
0.7170612028380081
0.71659704263643
0.7330415754923414
0.6978648630727405
0.6945825873615808
0.697566474371726
0.6974670114713878
0.7190836151448843
Reproducing... 20
0.7025396193886347
0.696240302367217
0.7052914262979908
0.7250513891651748
0.7232942112592003
0.7107287315164776
0.720442941449506
0.7226642795570586
0.6974007028711624
0.7045288773953982
0.7087394735097142
0.707446455805318
0.7053577348982163
0.683243816723029
0.7056561235992308
0.7320801007890724
0.7088389364100524
0.71659704263643
0.7164975797360917
0.6884821961408395
Reproducing... 20
0.6717392745839136
0.7168954313374445
0.7201445527484914
0.7226311252569458
0.7050925004973145
0.7049930375969763
0.7222664279557058
0.7056561235992308
0.7232942112592003
0.7232942112592003
0.6922949406538028
0.7188846893442079
0.7330415754923414
0.7217028048537896
0.7231615940587495
0.720078244148266
0.6974007028711624
0.7232942112592003
0.696240302367217
0.7232942112592003
Reproducing... 20
0.69372057555865
0.696240302367217
0.6968039254691334
0.6713082686824481
0.7212717989523241
0.705987666600358
0.707081758504078
0.7045620316955109
0.6080498640673695
0.7159339566341755
0.7326105695908759
0.696604999668457
0.7049930375969763
0.7055235063987799
0.7207744844506333
0.6955772163649625
0.7192825409455607
0.6813871759167164
0.7167628141369936
0.7232942112592003
Reproducing... 20
0.7231947483588621
0.6817518732179564
0.607519395265566
0.7213381075525496
0.6190239374046814
0.7007492871825476
0.7070154499038526
0.7048935746966382
0.7278031960745308
0.688183807439825
0.7212054903520987
0.6713082686824481
0.6857635435315961
0.7229295139579603
0.7213712618526623
0.6963729195676679
0.6963729195676679
0.6817518732179564
0.6825807307207745
0.7231284397586367
Reproducing... 20
0.7007824414826603
0.7007492871825476
0.6083150984682714
0.687454412837345
0.723095285458524
0.6859293150321597
0.7159008023340627
0.696969696969697
0.7168954313374445
0.6959087593660898
0.6948478217624826
0.6841058285259598
0.6912340030501956
0.6798289238114184
0.7229295139579603
0.7213381075525496
0.7207413301505206
0.6968039254691334
0.7189178436443207
0.618825011604005
Reproducing... 20
0.6772760427027386
0.6953119819640607
0.6977322458722897
0.6893442079437703
0.6968039254691334
0.7159008023340627
0.6841058285259598
0.687454412837345
0.69299118095617
0.7191499237451098
0.6831443538226908
0.7175253630395863
0.7318480206882833
0.6585107088389364
0.7076785359061071
0.7310523174855779
0.7119885949207613
0.5464491744579272
0.6949472846628207
0.7205424043498442
Reproducing... 20
0.7168622770373317
0.683475896823818
0.6824481135203236
0.6837411312247198
0.7229626682580731
0.7085073934089251
0.7081426961076852
0.7116902062197467
0.6585107088389364
0.6975001657715005
0.6922286320535773
0.723095285458524
0.6979643259730787
0.6762151050991314
0.6964060738677806
0.6843379086267489
0.6835422054240435
0.6771102712021749
0.6753530932962005
0.7169948942377826
Reproducing... 20
0.714906173330681
0.7220011935548041
0.723095285458524
0.6984616404747696
0.6745573900934951
0.6966713082686824
0.7013792188846893
0.6823818049200981
0.6764140308998077
0.68191764471852
0.7191499237451098
0.6977654001724024
0.6990915721769113
0.7218354220542404
0.6788342948080366
0.6762151050991314
0.7079769246071216
0.7086068563092633
0.7222332736555931
0.6967376168689079
Reproducing... 20
0.722133810755255
0.7236257542603276
0.7085073934089251
0.7182216033419534
0.7222332736555931
0.723095285458524
0.7154697964325973
0.6826138850208872
0.6824481135203236
0.6931569524567336
0.6854651548305816
0.6944499701611299
0.6967044625687951
0.7234931370598766
0.6823486506199854
0.7218354220542404
0.719116769444997
0.6788674491081493
0.6894436708441085
0.7180226775412771
Reproducing... 20
0.7013792188846893
0.7241562230621311
0.7238909886612294
0.7233605198594257
0.7236257542603276
0.7236257542603276
0.7214044161527751
0.6947815131622571
0.6706120283800809
0.7016776075857039
0.6790663749088257
0.6929580266560573
0.7172269743385717
0.7234931370598766
0.7229958225581858
0.6915655460513228
0.6824149592202109
0.6944499701611299
0.7222332736555931
0.689377362243883
Reproducing... 20
0.6924275578542537
0.69299118095617
0.6638485511570851
0.6919302433525628
0.7103640342152377
0.7160334195345136
0.6838074398249453
0.6766792653007095
0.6947815131622571
0.690935614349181
0.7220343478549168
0.7173595915390226
0.6612956700484053
0.7013460645845766
0.7241562230621311
0.7236257542603276
0.7149393276307937
0.7048604203965254
0.7223658908560441
0.6972349313705988
Reproducing... 20
0.7212717989523241
0.7104634971155759
0.7158344937338372
0.717558517339699
0.7131158411245938
0.6972349313705988
0.6766792653007095
0.7239572972614549
0.7249850805649493
0.7237915257608912
0.7168954313374445
0.6612956700484053
0.6896757509448975
0.6932895696571846
0.6947815131622571
0.6972349313705988
0.7181884490418408
0.6971354684702606
0.6927922551554937
0.6966381539685698
Reproducing... 20
0.717558517339699
0.717558517339699
0.7249850805649493
0.7251176977654001
0.696008222266428
0.709369405211856
0.7203766328492806
0.6992241893773622
0.6960745308666534
0.6967044625687951
0.6975001657715005
0.6970028512698097
0.7142762416285392
0.6916981632517738
0.7169617399376699
0.7169617399376699
0.7202108613487169
0.7258802466679929
0.6769444997016113
0.6926927922551555
Reproducing... 20
0.7136794642265102
0.7183210662422916
0.7207413301505206
0.7169285856375572
0.7093362509117432
0.6925601750547046
0.6992241893773622
0.733074729792454
0.7064849811020489
0.7246866918639348
0.7251176977654001
0.7251176977654001
0.7067833698030634
0.7231615940587495
0.7000862011802931
0.6930906438565082
0.6967044625687951
0.7406007559180425
0.6982958689742059
0.726344406869571
Reproducing... 20
0.6980969431735297
0.7311186260858034
0.7251176977654001
0.7231615940587495
0.7310523174855779
0.6683575359724157
0.6952456733638352
0.7140110072276374
0.7251176977654001
0.6930906438565082
0.7261454810688946
0.7208739473509714
0.7221006564551422
0.7200119355480405
0.733074729792454
0.7000862011802931
0.7159339566341755
0.7178237517406008
0.7311849346860287
0.7064849811020489
Reproducing... 20
0.6928585637557191
0.7104303428154631
0.7250513891651748
0.6906040713480538
0.6981300974736423
0.7159339566341755
0.6683575359724157
0.7179895232411644
0.7178237517406008
0.7217359591539022
0.6930906438565082
0.7178237517406008
0.6920297062529011
0.7405344473178171
0.7242556859624694
0.698892646376235
0.6983290232743187
0.6974007028711624
0.7231947483588621
0.7231615940587495
Reproducing... 20
0.697566474371726
0.7179895232411644
0.7201445527484914
0.698892646376235
0.7250513891651748
0.7231284397586367
0.7248856176646111
0.6982295603739805
0.6982295603739805
0.7176911345401499
0.7104634971155759
0.7231615940587495
0.7172932829387971
0.7168954313374445
0.7177574431403753
0.7176911345401499
0.6974007028711624
0.710927657317154
0.7104303428154631
0.6983290232743187
Reproducing... 20
0.7104634971155759
0.7250513891651748
0.7231615940587495
0.7001525097805186
0.7176579802400371
0.6974007028711624
0.6873881042371196
0.7338704329951595
0.7177574431403753
0.7176911345401499
0.6982295603739805
0.7047941117963
0.7244877660632584
0.7168954313374445
0.7415622306213115
0.7094025595119687
0.6745905443936079
0.7366553942046283
0.6885816590411776
0.7117233605198594
Reproducing... 20
0.6876864929381341
0.7104634971155759
0.7286652078774617
0.6576155427358928
0.6981964060738678
0.6873881042371196
0.7177574431403753
0.668423844572641
0.700948212983224
0.7104303428154631
0.6997878124792786
0.7402692129169153
0.7415622306213115
0.6873881042371196
0.6798952324116437
0.7109608116172668
0.7176579802400371
0.7244877660632584
0.7094025595119687
0.6970360055699224
Reproducing... 20
0.6876864929381341
0.6943505072607917
0.714309395928652
0.7131821497248193
0.6876533386380214
0.7152045620316955
0.7001856640806312
0.7110934288177176
0.7257476294675419
0.7034016311915655
0.7104634971155759
0.6800610039122074
0.674325309992706
0.7284662820767853
0.7250513891651748
0.6641469398580996
0.7120217492208739
0.6691863934752338
0.6954777534646244
0.683840594125058
Reproducing... 20
0.6886479676414031
0.7031363967906638
0.7350308334991048
0.6993236522777004
0.7284662820767853
0.7100324912141105
0.6807903985146874
0.7120549035209867
0.6361315562628473
0.7024733107884092
0.7033021682912274
0.7120217492208739
0.711524434719183
0.6885816590411776
0.6876533386380214
0.6839400570253962
0.7110934288177176
0.7120217492208739
0.7257476294675419
0.6691863934752338
Reproducing... 20
0.7131489954247066
0.7120217492208739
0.7104966514156886
0.6839732113255089
0.6879848816391486
0.7044625687951728
0.7258139380677674
0.7119222863205358
0.7034016311915655
0.6993236522777004
0.7117896691200849
0.7284994363768981
0.7131489954247066
0.6807903985146874
0.6806246270141237
0.7113255089185068
0.7039984085935946
0.7092036337112924
0.6886479676414031
0.7053577348982163
Reproducing... 20
0.5722100656455142
0.6806246270141237
0.6399111464756979
0.7044957230952854
0.6994894237782641
0.7119885949207613
0.6806246270141237
0.7212717989523241
0.6806246270141237
0.6992573436774749
0.7039984085935946
0.7113918175187322
0.7119222863205358
0.7119222863205358
0.7016444532855911
0.6838737484251708
0.7121212121212122
0.7132816126251574
0.7001525097805186
0.7066839069027253
Reproducing... 20
0.686260858033287
0.7285657449771236
0.7281015847755454
0.6834427425237053
0.7119885949207613
0.7045951859956237
0.7006498242822095
0.7132816126251574
0.6862940123333996
0.6970691598700351
0.7100987998143359
0.7101319541144486
0.6806246270141237
0.7113918175187322
0.6874875671374577
0.6928585637557191
0.7161991910350772
0.7132816126251574
0.7016444532855911
0.7016444532855911
Reproducing... 20
0.7046946488959618
0.7029706252901001
0.7129832239241429
0.7120217492208739
0.729958225581858
0.7214707247530004
0.7045620316955109
0.7286983621775744
0.6863934752337378
0.7119222863205358
0.7132816126251574
0.7120880578210994
0.7259134009681055
0.7052251176977654
0.6803262383131092
0.6864266295338506
0.7233936741595385
0.7014123731848021
0.7120217492208739
0.7113586632186194
Reproducing... 20
0.7028380080896492
0.7030037795902129
0.6863603209336251
0.6863934752337378
0.7119554406206485
0.7130495325243684
0.7259134009681055
0.7259134009681055
0.7284994363768981
0.7302566142828725
0.7311849346860287
0.7048272660964127
0.7254160864664146
0.7046946488959618
0.7042967972946091
0.7307207744844506
0.7113918175187322
0.7131158411245938
0.686260858033287
0.7044957230952854
Reproducing... 20
0.7113586632186194
0.702871162389762
0.7257144751674293
0.7312180889861415
0.7111597374179431
0.7041310257940455
0.6774418142033022
0.6863603209336251
0.7046946488959618
0.702871162389762
0.7045620316955109
0.7113586632186194
0.6970691598700351
0.7095683310125324
0.7228963596578476
0.6975333200716133
0.7295603739805052
0.7028380080896492
0.729593528280618
0.6904714541476029
Reproducing... 20
0.7073801472050925
0.7043299515947218
0.7144088588289901
0.7043631058948345
0.7315496319872687
0.6951793647636099
0.6976990915721769
0.6886479676414031
0.7113586632186194
0.7111597374179431
0.7095683310125324
0.7041310257940455
0.661328824348518
0.7192493866454479
0.7098004111133214
0.6863603209336251
0.7045951859956237
0.7296598368808435
0.6989921092765732
0.6792984550096147
Reproducing... 20
0.6964723824680061
0.7144088588289901
0.6826470393209999
0.7113918175187322
0.6655062661627213
0.7095683310125324
0.730555002983887
0.702871162389762
0.7298256083814071
0.709369405211856
0.70442941449506
0.7106292686161395
0.6720376632849281
0.6953451362641735
0.7310191631854651
0.7146409389297792
0.7145414760294411
0.7296598368808435
0.6967044625687951
0.6786353690073602
Reproducing... 20
0.6975001657715005
0.676612956700484
0.6964723824680061
0.7144088588289901
0.6703467939791791
0.7306544658842252
0.695643524965188
0.696969696969697
0.6990915721769113
0.6495590478085007
0.6721039718851535
0.702871162389762
0.6830780452224654
0.7090710165108415
0.6999204296797295
0.7037994827929183
0.6954777534646244
0.7124196008222267
0.7119222863205358
0.7032690139911146
Reproducing... 20
0.702871162389762
0.6703467939791791
0.7029706252901001
0.6989258006763477
0.6955772163649625
0.6749220873947351
0.676612956700484
0.7143425502287647
0.6895099794443339
0.7146409389297792
0.7029043166898746
0.711889132020423
