Processing data...
Initializing network...
Search on 'income', 1 nodes, 0.8 thresh, 20 pop size, 3600 search time, 0.25 mutation rate
Searching...
0.35425369670446255
0.6727339035872952
0.7081095418075725
0.38628075061335454
0.28071745905443934
0.3118825011604005
0.2762416285392215
0.5879252038989456
0.3534911478018699
0.6266825807307208
0.6598037265433326
0.6695842450765864
0.4146276772097341
0.4384324646906704
0.4648564418805119
0.2744181420330217
0.550328227571116
0.695875605065977
0.3310125323254426
0.35800013261720043
Reproducing... 20
0.5973741794310722
0.5735693919501359
0.6448842914926066
0.5187653338638021
0.5659439029242093
0.29795769511305614
0.46614945958490817
0.7077448445063325
0.4008686426629534
0.6764471851999204
0.5195278827663948
0.563324713215304
0.6711424971818845
0.3296200517207082
0.6662356607652012
0.5864995689940985
0.5141900404482461
0.6241628539221536
0.524434719183078
0.5473774948610834
Reproducing... 20
0.5184006365625622
0.7081095418075725
0.580299714873019
0.6750878588952988
0.530336184603143
0.5083217293282939
0.44499701611298986
0.6559246734301439
0.5733373118493469
0.5112393077382137
0.6682249187719648
0.6692195477753464
0.6902062197467012
0.3947019428419866
0.7099330283137723
0.3273655593130429
0.6241628539221536
0.6241628539221536
0.6220409787149394
0.6833764339234799
Reproducing... 20
0.7425237053245806
0.3188449041840727
0.70406471719382
0.6908361514488429
0.6894768251442212
0.708407930508587
0.5052715337179232
0.49877329089582917
0.6833764339234799
0.6833764339234799
0.6680259929712884
0.5113719249386646
0.6693521649757974
0.6559909820303693
0.6956103706650753
0.6344406869570983
0.5981367283336648
0.4842185531463431
0.6669982096677939
0.6254558716265499
Reproducing... 20
0.6115310655792057
0.5807307207744844
0.6480671043034282
0.6899078310456866
0.7154697964325973
0.4724156223062131
0.6875207214375705
0.6255221802267754
0.6669982096677939
0.31877859558384725
0.613420860685631
0.7343345931967377
0.689377362243883
0.4722498508056495
0.5981367283336648
0.5981367283336648
0.5455540083548837
0.6980306345733042
0.5877925866984948
0.7268085670711492
Reproducing... 20
0.6964723824680061
0.6264505006299317
0.3283270340163119
0.6075525495656787
0.6473377097009482
0.31920960148531263
0.5987003514355812
0.6954777534646244
0.33124461242623165
0.7291625223791526
0.7473973874411511
0.5322591340096811
0.5035475101120616
0.5262250513891652
0.4322657648697036
0.731516477687156
0.3717923214640939
0.7329421125920031
0.6767124196008222
0.7215370333532259
Reproducing... 20
0.6510178370134606
0.4085604402891055
0.6490617333068099
0.5006962403023673
0.719713546847026
0.5570585504939991
0.5249983422849943
0.42427557854253695
0.5955175386247596
0.6026125588488827
0.7077779988064452
0.6957098335654134
0.7416616935216498
0.7455075923347259
0.43160267886744913
0.7333399641933559
0.6964723824680061
0.6920297062529011
0.5879915124991711
0.7193156952456734
Reproducing... 20
0.6626549963530269
0.5157151382534315
0.5594125058020025
0.6295338505404151
0.7016776075857039
0.5831178303826007
0.42427557854253695
0.42427557854253695
0.7522379152576089
0.6434255022876467
0.7060208209004708
0.6951462104634971
0.4071016510841456
0.7080100789072342
0.7417280021218752
0.6475034812015118
0.6895431337444466
0.7319806378887341
0.6337776009548438
0.6216099728134739
Reproducing... 20
0.7018433790862675
0.7522379152576089
0.7067833698030634
0.7414959220210862
0.43982494529540483
0.7517737550560307
0.49134672767057885
0.6495922021086135
0.6337776009548438
0.6625886877528016
0.7192162323453352
0.538757376831775
0.5844108480869968
0.6425634904847158
0.7058218950997944
0.6443206683906902
0.7016776075857039
0.7319806378887341
0.7205424043498442
0.7520721437570453
Reproducing... 20
0.7517737550560307
0.7522379152576089
0.7412969962204098
0.644950600092832
0.5886214442013129
0.7444135004310058
0.48242822094025595
0.7309528545852397
0.7415953849214243
0.537795902128506
0.5998275976394138
0.6657383462635104
0.4398580995955175
0.43982494529540483
0.6865592467343015
0.7413964591207479
0.6496253564087262
0.7305881572839997
0.7153371792321465
0.6413367813805451
Reproducing... 20
0.7413301505205225
0.7415622306213115
0.7360917711027121
0.7316490948876069
0.6864266295338506
0.7417280021218752
0.6456136860950865
0.636297327763411
0.730322922883098
0.7180889861415025
0.7207081758504078
0.6807572442145746
0.7305881572839997
0.7444135004310058
0.725018234865062
0.5905443936078509
0.3601883164246403
0.6359657847622837
0.7285988992772363
0.7034016311915655
Reproducing... 20
0.7367880114050792
0.6222730588157284
0.7309528545852397
0.7446787348319077
0.7250513891651748
0.7025727736887474
0.6982295603739805
0.6658378091638486
0.7196140839466879
0.7404349844174789
0.7443471918307805
0.6357337046614946
0.6828128108215635
0.7438167230289768
0.7326437238909886
0.7108945030170413
0.729361448179829
0.7049598832968637
0.7180558318413899
0.7208739473509714
Reproducing... 20
0.5241694847821763
0.7443140375306677
0.6392480604734434
0.7207081758504078
0.7379484119090246
0.6751541674955241
0.732245872289636
0.7408659903189444
0.7164312711358664
0.7355281480007957
0.7250513891651748
0.7446787348319077
0.7226642795570586
0.7453749751342749
0.7425900139248061
0.7412969962204098
0.712618526622903
0.7463032955374312
0.7495192626483655
0.7222664279557058
Reproducing... 20
0.6808567071149128
0.7421258537232279
0.7463032955374312
0.732245872289636
0.7419269279225515
0.7415953849214243
0.6976327829719514
0.6530402493203369
0.7495855712485909
0.5238710960811618
0.7111597374179431
0.7492208739473509
0.7335388899940323
0.7400371328161263
0.722498508056495
0.7425900139248061
0.6419004044824613
0.7374510974073337
0.5255288110867979
0.7404349844174789
Reproducing... 20
0.7434188714276242
0.6842716000265234
0.7374510974073337
0.7374510974073337
0.653139712220675
0.7054571977985544
0.7396061269146609
0.7326768781911014
0.656521450832173
0.7435183343279623
0.7463032955374312
0.7021086134871692
0.7379152576089119
0.7288309793780253
0.6999204296797295
0.7438167230289768
0.7235925999602149
0.7084742391088125
0.7485246336449838
0.7325111066905378
Reproducing... 20
0.7357602281015848
0.6764140308998077
0.7376831775081228
0.6846362973277634
0.729593528280618
0.6435581194880976
0.7022743849877329
0.7376168689078973
0.732245872289636
0.7482925535441947
0.7381804920098137
0.7397387441151118
0.7438167230289768
0.732245872289636
0.7288309793780253
0.653139712220675
0.7363901598037266
0.7021749220873947
0.7376831775081228
0.7465353756382203
Reproducing... 20
0.6857635435315961
0.6817850275180691
0.7082421590080233
0.7399708242159008
0.73837941781049
0.7235925999602149
0.7333731184934686
0.6435581194880976
0.7325111066905378
0.7435183343279623
0.7351966049996684
0.7401365957164644
0.7438498773290896
0.7343014388966249
0.7352297592997812
0.6695510907764737
0.6928917180558318
0.7444135004310058
0.7483257078443074
0.6437238909886612
Reproducing... 20
0.7400039785160135
0.7384788807108282
0.7235594456601021
0.7435183343279623
0.7483588621444202
0.7220343478549168
0.7346992904979776
0.6886148133412904
0.6386512830714144
0.7094025595119687
0.6686890789735429
0.7200119355480405
0.724653537563822
0.7435514886280751
0.6976659372720642
0.7409986075193953
0.7434851800278496
0.6824812678204363
0.6813871759167164
0.6699157880777137
Reproducing... 20
0.7288309793780253
0.7342682845965122
0.6686890789735429
0.7220343478549168
0.695278827663948
0.7447450434321331
0.7428884026258206
0.6960413765665406
0.7188183807439825
0.7342682845965122
0.7341356673960613
0.7411975333200717
0.7399708242159008
0.7385120350109409
0.6250580200251973
0.7308865459850142
0.7296929911809562
0.6641137855579868
0.7288309793780253
0.7342682845965122
Reproducing... 20
0.6246270141237319
0.7346992904979776
0.7325111066905378
0.732245872289636
0.7226974338571712
0.7342682845965122
0.7340693587958358
0.6963066109674425
0.6680259929712884
0.7294609110801671
0.7287978250779126
0.6272130495325243
0.7419269279225515
0.7374510974073337
0.7429547112260461
0.6761487964989059
0.7345666732975267
0.6304621709435714
0.7220675021550295
0.739340892513759
Reproducing... 20
0.6604005039453618
0.7019759962867184
0.6761487964989059
0.7260791724686692
0.7317154034878324
0.7227637424573967
0.7343677474968503
0.7390093495126318
0.7365227770041775
0.7385120350109409
0.6539354154233804
0.7343345931967377
0.6446522113918175
0.7247530004641602
0.7203103242490551
0.7389761952125191
0.7384457264107155
0.6404747695776142
0.6250580200251973
0.7398713613155626
Reproducing... 20
0.6757840991976659
0.6647437172601286
0.734168821696174
0.7276705788740799
0.6446853656919302
0.7298587626815198
0.7244877660632584
0.7389761952125191
