Processing data...
Initializing network...
Search on 'income', 1 nodes, 0.8 thresh, 50 pop size, 3600 search time
Searching...
0.28098269345534116
0.4797427226311253
0.7300576884821961
0.5123002453418208
0.3597904648232876
0.34397586366951793
0.2899675087858895
0.5266892115907433
0.587759432398382
0.7401697500165771
0.5770837477620847
0.43170214176778726
0.6410383926795306
0.31327498176513496
0.7386446522113919
0.5973741794310722
0.7392414296134209
0.3594589218221603
0.7346661361978649
0.7340693587958358
0.4475167429215569
0.28539221537033355
0.5982361912340031
0.3048537895365029
0.6142497181884491
0.5056693853192759
0.31702141767787284
0.5511902393740468
0.39705589814999004
0.6051322856574498
0.6056959087593661
0.3136396790663749
0.7108281944168159
0.4590875936608978
0.3293879716199191
0.31917644718519994
0.7453418208341622
0.4419468205026192
0.6602678867449108
0.3709966182613885
0.4531198196406074
0.43667528678469597
0.4337908626748889
0.269080299714873
0.3110867979576951
0.6236323851203501
0.7450434321331477
0.6242954711226046
0.33386380213513694
0.30763875074597175
Reproducing... 50
0.6398448378754724
0.31907698428486175
0.2724288840262582
0.5289105496982959
0.7060208209004708
0.6095418075724421
0.615940587494198
0.5897155361050328
0.2882103308799151
0.7472316159405875
0.6449837543929448
0.6046681254558717
0.740667064518268
0.5254293481864598
0.72730588157284
0.676977654001724
0.2676215105099131
0.3998408593594589
0.6499568994098535
0.7185531463430807
0.7305218486837742
0.5842119222863206
0.7306544658842252
0.6191565546051323
0.600656455142232
0.744645580531795
0.6852330747297924
0.6962734566673298
0.7530004641602016
0.6145812611895762
0.5138916517472316
0.5755254956567867
0.285458523970559
0.6450500629931702
0.39446986274119755
0.7072806843047543
0.5643856508189112
0.3064783502420264
0.610635899476162
0.6566209137325111
0.31115310655792056
0.521914992374511
0.7427226311252569
0.25578542536967047
0.2809163848551157
0.596313241827465
0.31450169086930574
0.3130760559644586
0.6620913732511107
0.6150785756912671
Reproducing... 50
0.7403686758172535
0.3837610238047875
0.2422584709236788
0.7339698958954977
0.7177574431403753
0.5041442875140906
0.7343677474968503
0.7275048073735163
0.7316159405874942
0.34221868576354353
0.39987401365957165
0.5283137722962669
0.4517936476360984
0.3606524766262184
0.5746303295537432
0.5294078641999868
0.6817187189178436
0.746203832637093
0.6942178900603408
0.5530800344804722
0.5171076188581659
0.41230687620184336
0.7118228234201976
0.5841124593859823
0.7189509979444334
0.4443670844108481
0.7446124262316822
0.6101054306743585
0.5218486837742855
0.5138916517472316
0.6692858563755719
0.3869769909157218
0.7447781977322459
0.27892712684835225
0.27236257542603276
0.7166633512366554
0.7266759498706983
0.5369007360254625
0.727173264372389
0.7080100789072342
0.7530004641602016
0.7305218486837742
0.47138783900271863
0.6341091439559711
0.5441615277501491
0.6109342881771765
0.26553278960281146
0.5856707114912805
0.2677209734102513
0.3719249386645448
Reproducing... 50
0.43070751276440555
0.311584112459386
0.2788608182481268
0.3991446190570917
0.537199124726477
0.719116769444997
0.6953119819640607
0.6668987467674558
0.3016378224255686
0.4897553212651681
0.6143160267886745
0.6339765267555202
0.44592533651614613
0.7257144751674293
0.47178569060407133
0.7333731184934686
0.5763875074597176
0.7507791260526491
0.64760294410185
0.4890590809628009
0.5222796896757509
0.3571381208142696
0.719116769444997
0.3644983754392945
0.5385584510310988
0.7284331277766727
0.6938200384589881
0.7258470923678801
0.5841456136860951
0.5512233936741595
0.5282474636960414
0.734168821696174
0.7269411842716
0.2657980240037133
0.7412306876201843
0.5178038591605332
0.5067966315231085
0.6749220873947351
0.7412969962204098
0.6815197931171673
0.4515284132351966
0.7037331741926928
0.6642464027584377
0.4099197665937272
0.7092367880114051
0.6092765731715404
0.2948743452025728
0.6244612426231683
0.42354618394005705
0.26871560241363307
Reproducing... 50
0.6567866852330747
0.594025595119687
0.6510841456136861
0.6055964458590279
0.586201180293084
0.5348120151183609
0.582952058882037
0.7255487036668656
0.7258470923678801
0.6552615874278894
0.739340892513759
0.7106292686161395
0.5364365758238844
0.6982958689742059
0.7341025130959485
0.734168821696174
0.6477024070021882
0.5837146077846297
0.6724355148862807
0.7044957230952854
0.5662754459253365
0.48378754724487766
0.5907764737086401
0.3897287978250779
0.5405477090378622
0.35796697831708774
0.659637955042769
0.48176513493800144
0.7426894768251442
0.5410781778396658
0.6837742855248325
0.29765930641204164
0.7116238976195213
0.3665207877461707
0.2688150653139712
0.7285325906770108
0.49131357337046616
0.6979974802731914
0.6298653935415424
0.6782706717061203
0.4024932033684769
0.7457396724355149
0.6318878058484185
0.6918639347523374
0.5668722233273655
0.6486970360055699
0.6092102645713149
0.6991910350772496
0.5364365758238844
0.3580664412174259
Reproducing... 50
0.6039387308533917
0.7414296134208607
0.7270738014720509
0.7239904515615675
0.7247530004641602
0.6851336118294543
0.5407797891386513
0.4910814932696771
0.4738412572110603
0.7449439692328095
0.6089450301704131
0.5243021019826272
0.73837941781049
0.5900139248060473
0.6151448842914926
0.597639413831974
0.7415290763211989
0.685896160732047
0.649658510708839
0.26894768251442214
0.42006498242822093
0.6960745308666534
0.37931834758968236
0.6190239374046814
0.5905112393077382
0.686857635435316
0.7342351302963994
0.4803395000331543
0.7184205291426298
0.7247530004641602
0.3700351435581195
0.544062064849811
0.562727935813275
0.6483323387043299
0.35796697831708774
0.35796697831708774
0.73910881241297
0.6320867316490949
0.5358066441217426
0.5832504475830516
0.7040978714939328
0.6787679862078112
0.7403686758172535
0.6425634904847158
0.7054240434984418
0.40398514687354947
0.6454810688946356
0.6416351700815596
0.7054240434984418
0.7329421125920031
Reproducing... 50
0.6479676414030899
0.5382269080299715
0.6039387308533917
0.5900139248060473
0.7473642331410384
0.7290630594788144
0.5040779789138651
0.712618526622903
0.6503215967110935
0.2686161395132949
0.5799681718718918
0.7020091505868311
0.7380810291094755
0.7257476294675419
0.47291293680790397
0.7419600822226643
0.5323254426099066
0.3656256216431271
0.3996419335587826
0.7011139844837876
0.7085737020091506
0.49496054638286585
0.740302367217028
0.549366752867847
0.49277236257542606
0.5833167561832769
0.7046283402957364
0.6082487898680459
0.5891519130031165
0.5369007360254625
0.6902393740468139
0.649658510708839
0.7029374709899874
0.6994562694781513
0.7435183343279623
0.6443206683906902
0.7307539287845634
0.6270472780319607
0.6429944963861813
0.6042371195544062
0.7279689675750944
0.7051919633976527
0.6366288707645381
0.6983621775744314
0.7429547112260461
0.35737020091505867
0.7386446522113919
0.5735030833499105
0.7477289304422784
0.5905775479079637
Reproducing... 50
0.4716199191035077
0.5039122074133016
0.6720708175850407
0.7255487036668656
0.5900139248060473
0.7011139844837876
0.3923811418340959
0.5829852131821497
0.7257476294675419
0.49426430608049865
0.5497977587693124
0.7385451893110536
0.7183542205424044
0.7350971420993303
0.741993236522777
0.40176380876599693
0.6434255022876467
0.5502619189708905
0.7037663284928055
0.734400901796963
0.6355016245607055
0.7421921623234533
0.7097009482129832
0.7039652542934819
0.7122869836217758
0.6267820436310589
0.7201113984483788
0.5353093296200517
0.716829122737219
0.6505868311119952
0.42885087195809296
0.7018102247861547
0.7270406471719382
0.7387772694118427
0.5856707114912805
0.7497181884490418
0.7477952390425038
0.42082753133081363
0.7083747762084742
0.7461043697367549
0.7309528545852397
0.5909753995093163
0.6264836549300444
0.7007161328824348
0.7038989456932564
0.6433260393873085
0.7249850805649493
0.6511172999137989
0.6947483588621444
0.614979112790929
Reproducing... 50
0.5853060141900405
0.6395464491744579
0.5973410251309594
0.667827067170612
0.7091704794111796
0.7030037795902129
0.7096346396127577
0.6826470393209999
0.7424573967243552
0.7480604734434056
0.7050925004973145
0.6492606591074862
0.5902460049068364
0.6504873682116571
0.7311849346860287
0.7422253166235661
0.7089383993103906
0.643160267886745
0.614979112790929
0.6156421987931835
0.7471321530402493
0.7014123731848021
0.5931304290166435
0.701180293084013
0.6611630528479544
0.6964723824680061
0.453285591141171
0.7357602281015848
0.5271865260924342
0.732842649691665
0.5281148464955905
0.6785027518069093
0.7170943571381209
0.734765599098203
0.705026191897089
0.7083747762084742
0.4977455075923347
0.6849346860287779
0.7188846893442079
0.6459783833963265
0.7317817120880579
0.64723824680061
0.49051787016776077
0.49426430608049865
0.6943836615609045
0.6369604137656654
0.6676944499701611
0.6921623234533519
0.4299781181619256
0.7311517803859161
Reproducing... 50
0.729593528280618
0.529142629799085
0.7355281480007957
0.734400901796963
0.745010277833035
0.7411312247198462
0.5961143160267887
0.4267621510509913
0.6961408394668789
0.6900736025462503
0.6156421987931835
0.611365294078642
0.6382202771699489
0.6504873682116571
0.6756183276971023
0.6589085604402891
0.6779722830051058
0.7071480671043034
0.7419600822226643
0.7424573967243552
0.6364630992639745
0.7213712618526623
0.7380147205092501
0.7337046614945959
0.7297592997811816
0.6694516278761355
0.6785027518069093
0.6785027518069093
0.6391817518732179
0.5858696372919567
0.4026258205689278
0.7194151581460115
0.7476626218420529
0.6903056826470393
0.7453086665340495
0.718387374842517
0.7170943571381209
0.7170943571381209
0.6445195941913666
0.7423910881241297
0.7354286851004576
0.5274849147934487
0.6844373715270871
0.4372389098866123
0.6459783833963265
0.6491611962071481
0.7325442609906505
0.6911676944499702
0.6608646641469399
0.7166965055367681
Reproducing... 50
0.7335388899940323
